/scratches/cartwright/mz473/Efficient-Gaussian-Process-on-Graphs/efficient_graph_gp_sparse/preprocessor/graph_preprocessor.py:135: UserWarning: Sparse CSR tensor support is in beta state. If you miss a functionality in the sparse tensor support, please submit a feature request to https://github.com/pytorch/pytorch/issues. (Triggered internally at /pytorch/aten/src/ATen/SparseCsrTensorImpl.cpp:53.)
  return torch.sparse_csr_tensor(
/scratches/cartwright/mz473/Efficient-Gaussian-Process-on-Graphs/experiments_sparse/scalable_bo/run_bo.py:60: DeprecationWarning: Conversion of an array with ndim > 0 to a scalar is deprecated, and will error in future. Ensure you extract a single element from your array before performing this operation. (Deprecated NumPy 1.25.)
  gt_best_value = float(data['Y'][np.argmax(data['Y'])])
Device: cuda:0
ðŸ“‹ Configuration: 1000000 nodes, 50 iterations, 3 runs
âœ… Data loaded: 1000000 nodes
âœ… Step matrices ready
ðŸŽ¯ Running BO experiments...
   Fixed data/RW seed: 42
   BO seeds: [100, 110, 120]
   Ground truth best: 3.3127

ðŸ”¬ Running random_search with 3 seeds...
   BO seed 1/3 (seed=100)

    Random Search:   0%|          | 0/50 [00:00<?, ?it/s]
    Random Search:   0%|          | 0/50 [00:00<?, ?it/s, best=3.1401, regret=0.1726, data=2000]
    Random Search:   2%|â–         | 1/50 [00:00<00:04,  9.99it/s, best=3.1401, regret=0.1726, data=2000]
    Random Search:   2%|â–         | 1/50 [00:00<00:04,  9.99it/s, best=3.1401, regret=0.1726, data=3000]
    Random Search:   4%|â–         | 2/50 [00:00<00:04,  9.97it/s, best=3.1401, regret=0.1726, data=3000]
    Random Search:   4%|â–         | 2/50 [00:00<00:04,  9.97it/s, best=3.1401, regret=0.1726, data=4000]
    Random Search:   6%|â–Œ         | 3/50 [00:00<00:04,  9.96it/s, best=3.1401, regret=0.1726, data=4000]
    Random Search:   6%|â–Œ         | 3/50 [00:00<00:04,  9.96it/s, best=3.1401, regret=0.1726, data=5000]
    Random Search:   8%|â–Š         | 4/50 [00:00<00:04,  9.96it/s, best=3.1401, regret=0.1726, data=5000]
    Random Search:   8%|â–Š         | 4/50 [00:00<00:04,  9.96it/s, best=3.1401, regret=0.1726, data=6000]
    Random Search:  10%|â–ˆ         | 5/50 [00:00<00:04,  9.96it/s, best=3.1401, regret=0.1726, data=6000]
    Random Search:  10%|â–ˆ         | 5/50 [00:00<00:04,  9.96it/s, best=3.1401, regret=0.1726, data=7000]
    Random Search:  12%|â–ˆâ–        | 6/50 [00:00<00:04,  9.96it/s, best=3.1401, regret=0.1726, data=7000]
    Random Search:  12%|â–ˆâ–        | 6/50 [00:00<00:04,  9.96it/s, best=3.1401, regret=0.1726, data=8000]
    Random Search:  14%|â–ˆâ–        | 7/50 [00:00<00:04,  9.96it/s, best=3.1401, regret=0.1726, data=8000]
    Random Search:  14%|â–ˆâ–        | 7/50 [00:00<00:04,  9.96it/s, best=3.1401, regret=0.1726, data=9000]
    Random Search:  16%|â–ˆâ–Œ        | 8/50 [00:00<00:04,  9.96it/s, best=3.1401, regret=0.1726, data=9000]
    Random Search:  16%|â–ˆâ–Œ        | 8/50 [00:00<00:04,  9.96it/s, best=3.1401, regret=0.1726, data=1e+4]
    Random Search:  18%|â–ˆâ–Š        | 9/50 [00:00<00:04,  9.96it/s, best=3.1401, regret=0.1726, data=1e+4]
    Random Search:  18%|â–ˆâ–Š        | 9/50 [00:00<00:04,  9.96it/s, best=3.1401, regret=0.1726, data=11000]
    Random Search:  20%|â–ˆâ–ˆ        | 10/50 [00:01<00:04,  9.96it/s, best=3.1401, regret=0.1726, data=11000]
    Random Search:  20%|â–ˆâ–ˆ        | 10/50 [00:01<00:04,  9.96it/s, best=3.1401, regret=0.1726, data=12000]
    Random Search:  22%|â–ˆâ–ˆâ–       | 11/50 [00:01<00:03,  9.96it/s, best=3.1401, regret=0.1726, data=12000]
    Random Search:  22%|â–ˆâ–ˆâ–       | 11/50 [00:01<00:03,  9.96it/s, best=3.1401, regret=0.1726, data=13000]
    Random Search:  24%|â–ˆâ–ˆâ–       | 12/50 [00:01<00:03,  9.96it/s, best=3.1401, regret=0.1726, data=13000]
    Random Search:  24%|â–ˆâ–ˆâ–       | 12/50 [00:01<00:03,  9.96it/s, best=3.1401, regret=0.1726, data=14000]
    Random Search:  26%|â–ˆâ–ˆâ–Œ       | 13/50 [00:01<00:03,  9.96it/s, best=3.1401, regret=0.1726, data=14000]
    Random Search:  26%|â–ˆâ–ˆâ–Œ       | 13/50 [00:01<00:03,  9.96it/s, best=3.1401, regret=0.1726, data=15000]
    Random Search:  28%|â–ˆâ–ˆâ–Š       | 14/50 [00:01<00:03,  9.96it/s, best=3.1401, regret=0.1726, data=15000]
    Random Search:  28%|â–ˆâ–ˆâ–Š       | 14/50 [00:01<00:03,  9.96it/s, best=3.1401, regret=0.1726, data=16000]
    Random Search:  30%|â–ˆâ–ˆâ–ˆ       | 15/50 [00:01<00:03,  8.88it/s, best=3.1401, regret=0.1726, data=16000]
    Random Search:  30%|â–ˆâ–ˆâ–ˆ       | 15/50 [00:01<00:03,  8.88it/s, best=3.1401, regret=0.1726, data=17000]
    Random Search:  32%|â–ˆâ–ˆâ–ˆâ–      | 16/50 [00:01<00:03,  8.93it/s, best=3.1401, regret=0.1726, data=17000]
    Random Search:  32%|â–ˆâ–ˆâ–ˆâ–      | 16/50 [00:01<00:03,  8.93it/s, best=3.1401, regret=0.1726, data=18000]
    Random Search:  34%|â–ˆâ–ˆâ–ˆâ–      | 17/50 [00:01<00:03,  8.97it/s, best=3.1401, regret=0.1726, data=18000]
    Random Search:  34%|â–ˆâ–ˆâ–ˆâ–      | 17/50 [00:01<00:03,  8.97it/s, best=3.1401, regret=0.1726, data=19000]
    Random Search:  36%|â–ˆâ–ˆâ–ˆâ–Œ      | 18/50 [00:02<00:05,  5.83it/s, best=3.1401, regret=0.1726, data=19000]
    Random Search:  36%|â–ˆâ–ˆâ–ˆâ–Œ      | 18/50 [00:02<00:05,  5.83it/s, best=3.1401, regret=0.1726, data=2e+4] 
    Random Search:  38%|â–ˆâ–ˆâ–ˆâ–Š      | 19/50 [00:02<00:04,  6.53it/s, best=3.1401, regret=0.1726, data=2e+4]
    Random Search:  38%|â–ˆâ–ˆâ–ˆâ–Š      | 19/50 [00:02<00:04,  6.53it/s, best=3.1401, regret=0.1726, data=21000]
    Random Search:  40%|â–ˆâ–ˆâ–ˆâ–ˆ      | 20/50 [00:02<00:04,  7.13it/s, best=3.1401, regret=0.1726, data=21000]
    Random Search:  40%|â–ˆâ–ˆâ–ˆâ–ˆ      | 20/50 [00:02<00:04,  7.13it/s, best=3.1401, regret=0.1726, data=22000]
    Random Search:  42%|â–ˆâ–ˆâ–ˆâ–ˆâ–     | 21/50 [00:02<00:03,  7.61it/s, best=3.1401, regret=0.1726, data=22000]
    Random Search:  42%|â–ˆâ–ˆâ–ˆâ–ˆâ–     | 21/50 [00:02<00:03,  7.61it/s, best=3.1401, regret=0.1726, data=23000]
    Random Search:  44%|â–ˆâ–ˆâ–ˆâ–ˆâ–     | 22/50 [00:02<00:03,  7.99it/s, best=3.1401, regret=0.1726, data=23000]
    Random Search:  44%|â–ˆâ–ˆâ–ˆâ–ˆâ–     | 22/50 [00:02<00:03,  7.99it/s, best=3.1401, regret=0.1726, data=24000]
    Random Search:  46%|â–ˆâ–ˆâ–ˆâ–ˆâ–Œ     | 23/50 [00:02<00:03,  8.29it/s, best=3.1401, regret=0.1726, data=24000]
    Random Search:  46%|â–ˆâ–ˆâ–ˆâ–ˆâ–Œ     | 23/50 [00:02<00:03,  8.29it/s, best=3.1401, regret=0.1726, data=25000]
    Random Search:  48%|â–ˆâ–ˆâ–ˆâ–ˆâ–Š     | 24/50 [00:02<00:03,  8.50it/s, best=3.1401, regret=0.1726, data=25000]
    Random Search:  48%|â–ˆâ–ˆâ–ˆâ–ˆâ–Š     | 24/50 [00:02<00:03,  8.50it/s, best=3.1401, regret=0.1726, data=26000]
    Random Search:  50%|â–ˆâ–ˆâ–ˆâ–ˆâ–ˆ     | 25/50 [00:02<00:02,  8.66it/s, best=3.1401, regret=0.1726, data=26000]
    Random Search:  50%|â–ˆâ–ˆâ–ˆâ–ˆâ–ˆ     | 25/50 [00:02<00:02,  8.66it/s, best=3.1401, regret=0.1726, data=27000]
    Random Search:  52%|â–ˆâ–ˆâ–ˆâ–ˆâ–ˆâ–    | 26/50 [00:02<00:02,  8.77it/s, best=3.1401, regret=0.1726, data=27000]
    Random Search:  52%|â–ˆâ–ˆâ–ˆâ–ˆâ–ˆâ–    | 26/50 [00:03<00:02,  8.77it/s, best=3.1401, regret=0.1726, data=28000]
    Random Search:  54%|â–ˆâ–ˆâ–ˆâ–ˆâ–ˆâ–    | 27/50 [00:03<00:02,  8.86it/s, best=3.1401, regret=0.1726, data=28000]
    Random Search:  54%|â–ˆâ–ˆâ–ˆâ–ˆâ–ˆâ–    | 27/50 [00:03<00:02,  8.86it/s, best=3.1401, regret=0.1726, data=29000]
    Random Search:  56%|â–ˆâ–ˆâ–ˆâ–ˆâ–ˆâ–Œ    | 28/50 [00:03<00:02,  8.92it/s, best=3.1401, regret=0.1726, data=29000]
    Random Search:  56%|â–ˆâ–ˆâ–ˆâ–ˆâ–ˆâ–Œ    | 28/50 [00:03<00:02,  8.92it/s, best=3.1401, regret=0.1726, data=3e+4] 
    Random Search:  58%|â–ˆâ–ˆâ–ˆâ–ˆâ–ˆâ–Š    | 29/50 [00:03<00:02,  8.96it/s, best=3.1401, regret=0.1726, data=3e+4]
    Random Search:  58%|â–ˆâ–ˆâ–ˆâ–ˆâ–ˆâ–Š    | 29/50 [00:03<00:02,  8.96it/s, best=3.1401, regret=0.1726, data=31000]
    Random Search:  60%|â–ˆâ–ˆâ–ˆâ–ˆâ–ˆâ–ˆ    | 30/50 [00:03<00:02,  8.98it/s, best=3.1401, regret=0.1726, data=31000]
    Random Search:  60%|â–ˆâ–ˆâ–ˆâ–ˆâ–ˆâ–ˆ    | 30/50 [00:03<00:02,  8.98it/s, best=3.1401, regret=0.1726, data=32000]
    Random Search:  62%|â–ˆâ–ˆâ–ˆâ–ˆâ–ˆâ–ˆâ–   | 31/50 [00:03<00:02,  9.26it/s, best=3.1401, regret=0.1726, data=32000]
    Random Search:  62%|â–ˆâ–ˆâ–ˆâ–ˆâ–ˆâ–ˆâ–   | 31/50 [00:03<00:02,  9.26it/s, best=3.1401, regret=0.1726, data=33000]
    Random Search:  64%|â–ˆâ–ˆâ–ˆâ–ˆâ–ˆâ–ˆâ–   | 32/50 [00:03<00:02,  8.71it/s, best=3.1401, regret=0.1726, data=33000]
    Random Search:  64%|â–ˆâ–ˆâ–ˆâ–ˆâ–ˆâ–ˆâ–   | 32/50 [00:03<00:02,  8.71it/s, best=3.1401, regret=0.1726, data=34000]
    Random Search:  66%|â–ˆâ–ˆâ–ˆâ–ˆâ–ˆâ–ˆâ–Œ   | 33/50 [00:03<00:01,  8.81it/s, best=3.1401, regret=0.1726, data=34000]
    Random Search:  66%|â–ˆâ–ˆâ–ˆâ–ˆâ–ˆâ–ˆâ–Œ   | 33/50 [00:03<00:01,  8.81it/s, best=3.1401, regret=0.1726, data=35000]
    Random Search:  68%|â–ˆâ–ˆâ–ˆâ–ˆâ–ˆâ–ˆâ–Š   | 34/50 [00:03<00:01,  8.88it/s, best=3.1401, regret=0.1726, data=35000]
    Random Search:  68%|â–ˆâ–ˆâ–ˆâ–ˆâ–ˆâ–ˆâ–Š   | 34/50 [00:03<00:01,  8.88it/s, best=3.1401, regret=0.1726, data=36000]
    Random Search:  70%|â–ˆâ–ˆâ–ˆâ–ˆâ–ˆâ–ˆâ–ˆ   | 35/50 [00:04<00:02,  5.26it/s, best=3.1401, regret=0.1726, data=36000]
    Random Search:  70%|â–ˆâ–ˆâ–ˆâ–ˆâ–ˆâ–ˆâ–ˆ   | 35/50 [00:04<00:02,  5.26it/s, best=3.1401, regret=0.1726, data=37000]
    Random Search:  72%|â–ˆâ–ˆâ–ˆâ–ˆâ–ˆâ–ˆâ–ˆâ–  | 36/50 [00:04<00:02,  6.01it/s, best=3.1401, regret=0.1726, data=37000]
    Random Search:  72%|â–ˆâ–ˆâ–ˆâ–ˆâ–ˆâ–ˆâ–ˆâ–  | 36/50 [00:04<00:02,  6.01it/s, best=3.1401, regret=0.1726, data=38000]
    Random Search:  74%|â–ˆâ–ˆâ–ˆâ–ˆâ–ˆâ–ˆâ–ˆâ–  | 37/50 [00:04<00:01,  6.69it/s, best=3.1401, regret=0.1726, data=38000]
    Random Search:  74%|â–ˆâ–ˆâ–ˆâ–ˆâ–ˆâ–ˆâ–ˆâ–  | 37/50 [00:04<00:01,  6.69it/s, best=3.1401, regret=0.1726, data=39000]
    Random Search:  76%|â–ˆâ–ˆâ–ˆâ–ˆâ–ˆâ–ˆâ–ˆâ–Œ  | 38/50 [00:04<00:01,  7.26it/s, best=3.1401, regret=0.1726, data=39000]
    Random Search:  76%|â–ˆâ–ˆâ–ˆâ–ˆâ–ˆâ–ˆâ–ˆâ–Œ  | 38/50 [00:04<00:01,  7.26it/s, best=3.1401, regret=0.1726, data=4e+4] 
    Random Search:  78%|â–ˆâ–ˆâ–ˆâ–ˆâ–ˆâ–ˆâ–ˆâ–Š  | 39/50 [00:04<00:01,  7.72it/s, best=3.1401, regret=0.1726, data=4e+4]
    Random Search:  78%|â–ˆâ–ˆâ–ˆâ–ˆâ–ˆâ–ˆâ–ˆâ–Š  | 39/50 [00:04<00:01,  7.72it/s, best=3.1401, regret=0.1726, data=41000]
    Random Search:  80%|â–ˆâ–ˆâ–ˆâ–ˆâ–ˆâ–ˆâ–ˆâ–ˆ  | 40/50 [00:04<00:01,  8.07it/s, best=3.1401, regret=0.1726, data=41000]
    Random Search:  80%|â–ˆâ–ˆâ–ˆâ–ˆâ–ˆâ–ˆâ–ˆâ–ˆ  | 40/50 [00:04<00:01,  8.07it/s, best=3.1401, regret=0.1726, data=42000]
    Random Search:  82%|â–ˆâ–ˆâ–ˆâ–ˆâ–ˆâ–ˆâ–ˆâ–ˆâ– | 41/50 [00:04<00:01,  8.35it/s, best=3.1401, regret=0.1726, data=42000]
    Random Search:  82%|â–ˆâ–ˆâ–ˆâ–ˆâ–ˆâ–ˆâ–ˆâ–ˆâ– | 41/50 [00:04<00:01,  8.35it/s, best=3.1401, regret=0.1726, data=43000]
    Random Search:  84%|â–ˆâ–ˆâ–ˆâ–ˆâ–ˆâ–ˆâ–ˆâ–ˆâ– | 42/50 [00:05<00:00,  8.55it/s, best=3.1401, regret=0.1726, data=43000]
    Random Search:  84%|â–ˆâ–ˆâ–ˆâ–ˆâ–ˆâ–ˆâ–ˆâ–ˆâ– | 42/50 [00:05<00:00,  8.55it/s, best=3.1401, regret=0.1726, data=44000]
    Random Search:  86%|â–ˆâ–ˆâ–ˆâ–ˆâ–ˆâ–ˆâ–ˆâ–ˆâ–Œ | 43/50 [00:05<00:00,  8.69it/s, best=3.1401, regret=0.1726, data=44000]
    Random Search:  86%|â–ˆâ–ˆâ–ˆâ–ˆâ–ˆâ–ˆâ–ˆâ–ˆâ–Œ | 43/50 [00:05<00:00,  8.69it/s, best=3.1401, regret=0.1726, data=45000]
    Random Search:  88%|â–ˆâ–ˆâ–ˆâ–ˆâ–ˆâ–ˆâ–ˆâ–ˆâ–Š | 44/50 [00:05<00:00,  8.80it/s, best=3.1401, regret=0.1726, data=45000]
    Random Search:  88%|â–ˆâ–ˆâ–ˆâ–ˆâ–ˆâ–ˆâ–ˆâ–ˆâ–Š | 44/50 [00:05<00:00,  8.80it/s, best=3.1401, regret=0.1726, data=46000]
    Random Search:  90%|â–ˆâ–ˆâ–ˆâ–ˆâ–ˆâ–ˆâ–ˆâ–ˆâ–ˆ | 45/50 [00:05<00:00,  8.87it/s, best=3.1401, regret=0.1726, data=46000]
    Random Search:  90%|â–ˆâ–ˆâ–ˆâ–ˆâ–ˆâ–ˆâ–ˆâ–ˆâ–ˆ | 45/50 [00:05<00:00,  8.87it/s, best=3.1401, regret=0.1726, data=47000]
    Random Search:  92%|â–ˆâ–ˆâ–ˆâ–ˆâ–ˆâ–ˆâ–ˆâ–ˆâ–ˆâ–| 46/50 [00:05<00:00,  8.93it/s, best=3.1401, regret=0.1726, data=47000]
    Random Search:  92%|â–ˆâ–ˆâ–ˆâ–ˆâ–ˆâ–ˆâ–ˆâ–ˆâ–ˆâ–| 46/50 [00:05<00:00,  8.93it/s, best=3.1401, regret=0.1726, data=48000]
    Random Search:  94%|â–ˆâ–ˆâ–ˆâ–ˆâ–ˆâ–ˆâ–ˆâ–ˆâ–ˆâ–| 47/50 [00:05<00:00,  8.96it/s, best=3.1401, regret=0.1726, data=48000]
    Random Search:  94%|â–ˆâ–ˆâ–ˆâ–ˆâ–ˆâ–ˆâ–ˆâ–ˆâ–ˆâ–| 47/50 [00:05<00:00,  8.96it/s, best=3.1401, regret=0.1726, data=49000]
    Random Search:  96%|â–ˆâ–ˆâ–ˆâ–ˆâ–ˆâ–ˆâ–ˆâ–ˆâ–ˆâ–Œ| 48/50 [00:05<00:00,  8.99it/s, best=3.1401, regret=0.1726, data=49000]
    Random Search:  96%|â–ˆâ–ˆâ–ˆâ–ˆâ–ˆâ–ˆâ–ˆâ–ˆâ–ˆâ–Œ| 48/50 [00:05<00:00,  8.99it/s, best=3.1401, regret=0.1726, data=5e+4] 
    Random Search:  98%|â–ˆâ–ˆâ–ˆâ–ˆâ–ˆâ–ˆâ–ˆâ–ˆâ–ˆâ–Š| 49/50 [00:05<00:00,  8.55it/s, best=3.1401, regret=0.1726, data=5e+4]
    Random Search:  98%|â–ˆâ–ˆâ–ˆâ–ˆâ–ˆâ–ˆâ–ˆâ–ˆâ–ˆâ–Š| 49/50 [00:05<00:00,  8.55it/s, best=3.1401, regret=0.1726, data=51000]
    Random Search: 100%|â–ˆâ–ˆâ–ˆâ–ˆâ–ˆâ–ˆâ–ˆâ–ˆâ–ˆâ–ˆ| 50/50 [00:05<00:00,  8.93it/s, best=3.1401, regret=0.1726, data=51000]
                                                                                                          
   BO seed 2/3 (seed=110)

    Random Search:   0%|          | 0/50 [00:00<?, ?it/s]
    Random Search:   0%|          | 0/50 [00:00<?, ?it/s, best=3.0044, regret=0.3083, data=2000]
    Random Search:   2%|â–         | 1/50 [00:00<00:04,  9.97it/s, best=3.0044, regret=0.3083, data=2000]
    Random Search:   2%|â–         | 1/50 [00:00<00:04,  9.97it/s, best=3.0044, regret=0.3083, data=3000]
    Random Search:   4%|â–         | 2/50 [00:00<00:04,  9.96it/s, best=3.0044, regret=0.3083, data=3000]
    Random Search:   4%|â–         | 2/50 [00:00<00:04,  9.96it/s, best=3.0044, regret=0.3083, data=4000]
    Random Search:   6%|â–Œ         | 3/50 [00:00<00:04,  9.96it/s, best=3.0044, regret=0.3083, data=4000]
    Random Search:   6%|â–Œ         | 3/50 [00:00<00:04,  9.96it/s, best=3.0044, regret=0.3083, data=5000]
    Random Search:   8%|â–Š         | 4/50 [00:00<00:04,  9.96it/s, best=3.0044, regret=0.3083, data=5000]
    Random Search:   8%|â–Š         | 4/50 [00:00<00:04,  9.96it/s, best=3.0898, regret=0.2229, data=6000]
    Random Search:  10%|â–ˆ         | 5/50 [00:00<00:04,  9.96it/s, best=3.0898, regret=0.2229, data=6000]
    Random Search:  10%|â–ˆ         | 5/50 [00:00<00:04,  9.96it/s, best=3.0898, regret=0.2229, data=7000]
    Random Search:  12%|â–ˆâ–        | 6/50 [00:00<00:04,  9.96it/s, best=3.0898, regret=0.2229, data=7000]
    Random Search:  12%|â–ˆâ–        | 6/50 [00:00<00:04,  9.96it/s, best=3.0898, regret=0.2229, data=8000]
    Random Search:  14%|â–ˆâ–        | 7/50 [00:00<00:04,  9.96it/s, best=3.0898, regret=0.2229, data=8000]
    Random Search:  14%|â–ˆâ–        | 7/50 [00:00<00:04,  9.96it/s, best=3.0962, regret=0.2166, data=9000]
    Random Search:  16%|â–ˆâ–Œ        | 8/50 [00:00<00:04,  9.96it/s, best=3.0962, regret=0.2166, data=9000]
    Random Search:  16%|â–ˆâ–Œ        | 8/50 [00:00<00:04,  9.96it/s, best=3.0962, regret=0.2166, data=1e+4]
    Random Search:  18%|â–ˆâ–Š        | 9/50 [00:00<00:04,  9.96it/s, best=3.0962, regret=0.2166, data=1e+4]
    Random Search:  18%|â–ˆâ–Š        | 9/50 [00:00<00:04,  9.96it/s, best=3.1098, regret=0.2029, data=11000]
    Random Search:  20%|â–ˆâ–ˆ        | 10/50 [00:01<00:04,  9.97it/s, best=3.1098, regret=0.2029, data=11000]
    Random Search:  20%|â–ˆâ–ˆ        | 10/50 [00:01<00:04,  9.97it/s, best=3.1098, regret=0.2029, data=12000]
    Random Search:  22%|â–ˆâ–ˆâ–       | 11/50 [00:01<00:03,  9.96it/s, best=3.1098, regret=0.2029, data=12000]
    Random Search:  22%|â–ˆâ–ˆâ–       | 11/50 [00:01<00:03,  9.96it/s, best=3.1098, regret=0.2029, data=13000]
    Random Search:  24%|â–ˆâ–ˆâ–       | 12/50 [00:01<00:05,  7.30it/s, best=3.1098, regret=0.2029, data=13000]
    Random Search:  24%|â–ˆâ–ˆâ–       | 12/50 [00:01<00:05,  7.30it/s, best=3.1753, regret=0.1374, data=14000]
    Random Search:  26%|â–ˆâ–ˆâ–Œ       | 13/50 [00:01<00:04,  7.94it/s, best=3.1753, regret=0.1374, data=14000]
    Random Search:  26%|â–ˆâ–ˆâ–Œ       | 13/50 [00:01<00:04,  7.94it/s, best=3.1753, regret=0.1374, data=15000]
    Random Search:  28%|â–ˆâ–ˆâ–Š       | 14/50 [00:01<00:04,  8.46it/s, best=3.1753, regret=0.1374, data=15000]
    Random Search:  28%|â–ˆâ–ˆâ–Š       | 14/50 [00:01<00:04,  8.46it/s, best=3.1753, regret=0.1374, data=16000]
    Random Search:  30%|â–ˆâ–ˆâ–ˆ       | 15/50 [00:01<00:03,  8.86it/s, best=3.1753, regret=0.1374, data=16000]
    Random Search:  30%|â–ˆâ–ˆâ–ˆ       | 15/50 [00:01<00:03,  8.86it/s, best=3.1753, regret=0.1374, data=17000]
    Random Search:  32%|â–ˆâ–ˆâ–ˆâ–      | 16/50 [00:01<00:04,  8.46it/s, best=3.1753, regret=0.1374, data=17000]
    Random Search:  32%|â–ˆâ–ˆâ–ˆâ–      | 16/50 [00:01<00:04,  8.46it/s, best=3.1753, regret=0.1374, data=18000]
    Random Search:  34%|â–ˆâ–ˆâ–ˆâ–      | 17/50 [00:01<00:03,  8.63it/s, best=3.1753, regret=0.1374, data=18000]
    Random Search:  34%|â–ˆâ–ˆâ–ˆâ–      | 17/50 [00:01<00:03,  8.63it/s, best=3.1753, regret=0.1374, data=19000]
    Random Search:  36%|â–ˆâ–ˆâ–ˆâ–Œ      | 18/50 [00:01<00:03,  8.75it/s, best=3.1753, regret=0.1374, data=19000]
    Random Search:  36%|â–ˆâ–ˆâ–ˆâ–Œ      | 18/50 [00:02<00:03,  8.75it/s, best=3.1753, regret=0.1374, data=2e+4] 
    Random Search:  38%|â–ˆâ–ˆâ–ˆâ–Š      | 19/50 [00:02<00:03,  8.84it/s, best=3.1753, regret=0.1374, data=2e+4]
    Random Search:  38%|â–ˆâ–ˆâ–ˆâ–Š      | 19/50 [00:02<00:03,  8.84it/s, best=3.1753, regret=0.1374, data=21000]
    Random Search:  40%|â–ˆâ–ˆâ–ˆâ–ˆ      | 20/50 [00:02<00:03,  8.90it/s, best=3.1753, regret=0.1374, data=21000]
    Random Search:  40%|â–ˆâ–ˆâ–ˆâ–ˆ      | 20/50 [00:02<00:03,  8.90it/s, best=3.1753, regret=0.1374, data=22000]
    Random Search:  42%|â–ˆâ–ˆâ–ˆâ–ˆâ–     | 21/50 [00:02<00:03,  8.95it/s, best=3.1753, regret=0.1374, data=22000]
    Random Search:  42%|â–ˆâ–ˆâ–ˆâ–ˆâ–     | 21/50 [00:02<00:03,  8.95it/s, best=3.1753, regret=0.1374, data=23000]
    Random Search:  44%|â–ˆâ–ˆâ–ˆâ–ˆâ–     | 22/50 [00:02<00:03,  8.98it/s, best=3.1753, regret=0.1374, data=23000]
    Random Search:  44%|â–ˆâ–ˆâ–ˆâ–ˆâ–     | 22/50 [00:02<00:03,  8.98it/s, best=3.2167, regret=0.0960, data=24000]
    Random Search:  46%|â–ˆâ–ˆâ–ˆâ–ˆâ–Œ     | 23/50 [00:02<00:02,  9.00it/s, best=3.2167, regret=0.0960, data=24000]
    Random Search:  46%|â–ˆâ–ˆâ–ˆâ–ˆâ–Œ     | 23/50 [00:02<00:02,  9.00it/s, best=3.2167, regret=0.0960, data=25000]
    Random Search:  48%|â–ˆâ–ˆâ–ˆâ–ˆâ–Š     | 24/50 [00:02<00:02,  9.02it/s, best=3.2167, regret=0.0960, data=25000]
    Random Search:  48%|â–ˆâ–ˆâ–ˆâ–ˆâ–Š     | 24/50 [00:02<00:02,  9.02it/s, best=3.2167, regret=0.0960, data=26000]
    Random Search:  50%|â–ˆâ–ˆâ–ˆâ–ˆâ–ˆ     | 25/50 [00:02<00:02,  9.03it/s, best=3.2167, regret=0.0960, data=26000]
    Random Search:  50%|â–ˆâ–ˆâ–ˆâ–ˆâ–ˆ     | 25/50 [00:02<00:02,  9.03it/s, best=3.2167, regret=0.0960, data=27000]
    Random Search:  52%|â–ˆâ–ˆâ–ˆâ–ˆâ–ˆâ–    | 26/50 [00:02<00:02,  9.04it/s, best=3.2167, regret=0.0960, data=27000]
    Random Search:  52%|â–ˆâ–ˆâ–ˆâ–ˆâ–ˆâ–    | 26/50 [00:02<00:02,  9.04it/s, best=3.2167, regret=0.0960, data=28000]
    Random Search:  54%|â–ˆâ–ˆâ–ˆâ–ˆâ–ˆâ–    | 27/50 [00:02<00:02,  9.04it/s, best=3.2167, regret=0.0960, data=28000]
    Random Search:  54%|â–ˆâ–ˆâ–ˆâ–ˆâ–ˆâ–    | 27/50 [00:03<00:02,  9.04it/s, best=3.2167, regret=0.0960, data=29000]
    Random Search:  56%|â–ˆâ–ˆâ–ˆâ–ˆâ–ˆâ–Œ    | 28/50 [00:03<00:02,  9.04it/s, best=3.2167, regret=0.0960, data=29000]
    Random Search:  56%|â–ˆâ–ˆâ–ˆâ–ˆâ–ˆâ–Œ    | 28/50 [00:03<00:02,  9.04it/s, best=3.2167, regret=0.0960, data=3e+4] 
    Random Search:  58%|â–ˆâ–ˆâ–ˆâ–ˆâ–ˆâ–Š    | 29/50 [00:03<00:02,  9.05it/s, best=3.2167, regret=0.0960, data=3e+4]
    Random Search:  58%|â–ˆâ–ˆâ–ˆâ–ˆâ–ˆâ–Š    | 29/50 [00:03<00:02,  9.05it/s, best=3.2167, regret=0.0960, data=31000]
    Random Search:  60%|â–ˆâ–ˆâ–ˆâ–ˆâ–ˆâ–ˆ    | 30/50 [00:03<00:02,  9.05it/s, best=3.2167, regret=0.0960, data=31000]
    Random Search:  60%|â–ˆâ–ˆâ–ˆâ–ˆâ–ˆâ–ˆ    | 30/50 [00:03<00:02,  9.05it/s, best=3.2167, regret=0.0960, data=32000]
    Random Search:  62%|â–ˆâ–ˆâ–ˆâ–ˆâ–ˆâ–ˆâ–   | 31/50 [00:03<00:02,  9.05it/s, best=3.2167, regret=0.0960, data=32000]
    Random Search:  62%|â–ˆâ–ˆâ–ˆâ–ˆâ–ˆâ–ˆâ–   | 31/50 [00:03<00:02,  9.05it/s, best=3.2167, regret=0.0960, data=33000]
    Random Search:  64%|â–ˆâ–ˆâ–ˆâ–ˆâ–ˆâ–ˆâ–   | 32/50 [00:03<00:01,  9.05it/s, best=3.2167, regret=0.0960, data=33000]
    Random Search:  64%|â–ˆâ–ˆâ–ˆâ–ˆâ–ˆâ–ˆâ–   | 32/50 [00:03<00:01,  9.05it/s, best=3.2167, regret=0.0960, data=34000]
    Random Search:  66%|â–ˆâ–ˆâ–ˆâ–ˆâ–ˆâ–ˆâ–Œ   | 33/50 [00:03<00:01,  9.05it/s, best=3.2167, regret=0.0960, data=34000]
    Random Search:  66%|â–ˆâ–ˆâ–ˆâ–ˆâ–ˆâ–ˆâ–Œ   | 33/50 [00:03<00:01,  9.05it/s, best=3.2167, regret=0.0960, data=35000]
    Random Search:  68%|â–ˆâ–ˆâ–ˆâ–ˆâ–ˆâ–ˆâ–Š   | 34/50 [00:03<00:01,  8.37it/s, best=3.2167, regret=0.0960, data=35000]
    Random Search:  68%|â–ˆâ–ˆâ–ˆâ–ˆâ–ˆâ–ˆâ–Š   | 34/50 [00:03<00:01,  8.37it/s, best=3.2167, regret=0.0960, data=36000]
    Random Search:  70%|â–ˆâ–ˆâ–ˆâ–ˆâ–ˆâ–ˆâ–ˆ   | 35/50 [00:03<00:01,  8.35it/s, best=3.2167, regret=0.0960, data=36000]
    Random Search:  70%|â–ˆâ–ˆâ–ˆâ–ˆâ–ˆâ–ˆâ–ˆ   | 35/50 [00:03<00:01,  8.35it/s, best=3.2167, regret=0.0960, data=37000]
    Random Search:  72%|â–ˆâ–ˆâ–ˆâ–ˆâ–ˆâ–ˆâ–ˆâ–  | 36/50 [00:03<00:01,  8.77it/s, best=3.2167, regret=0.0960, data=37000]
    Random Search:  72%|â–ˆâ–ˆâ–ˆâ–ˆâ–ˆâ–ˆâ–ˆâ–  | 36/50 [00:04<00:01,  8.77it/s, best=3.2167, regret=0.0960, data=38000]
    Random Search:  74%|â–ˆâ–ˆâ–ˆâ–ˆâ–ˆâ–ˆâ–ˆâ–  | 37/50 [00:04<00:01,  9.10it/s, best=3.2167, regret=0.0960, data=38000]
    Random Search:  74%|â–ˆâ–ˆâ–ˆâ–ˆâ–ˆâ–ˆâ–ˆâ–  | 37/50 [00:04<00:01,  9.10it/s, best=3.2167, regret=0.0960, data=39000]
    Random Search:  76%|â–ˆâ–ˆâ–ˆâ–ˆâ–ˆâ–ˆâ–ˆâ–Œ  | 38/50 [00:04<00:01,  9.34it/s, best=3.2167, regret=0.0960, data=39000]
    Random Search:  76%|â–ˆâ–ˆâ–ˆâ–ˆâ–ˆâ–ˆâ–ˆâ–Œ  | 38/50 [00:04<00:01,  9.34it/s, best=3.2167, regret=0.0960, data=4e+4] 
    Random Search:  78%|â–ˆâ–ˆâ–ˆâ–ˆâ–ˆâ–ˆâ–ˆâ–Š  | 39/50 [00:04<00:01,  9.52it/s, best=3.2167, regret=0.0960, data=4e+4]
    Random Search:  78%|â–ˆâ–ˆâ–ˆâ–ˆâ–ˆâ–ˆâ–ˆâ–Š  | 39/50 [00:04<00:01,  9.52it/s, best=3.2167, regret=0.0960, data=41000]
    Random Search:  80%|â–ˆâ–ˆâ–ˆâ–ˆâ–ˆâ–ˆâ–ˆâ–ˆ  | 40/50 [00:04<00:01,  5.41it/s, best=3.2167, regret=0.0960, data=41000]
    Random Search:  80%|â–ˆâ–ˆâ–ˆâ–ˆâ–ˆâ–ˆâ–ˆâ–ˆ  | 40/50 [00:04<00:01,  5.41it/s, best=3.2167, regret=0.0960, data=42000]
    Random Search:  82%|â–ˆâ–ˆâ–ˆâ–ˆâ–ˆâ–ˆâ–ˆâ–ˆâ– | 41/50 [00:04<00:01,  6.27it/s, best=3.2167, regret=0.0960, data=42000]
    Random Search:  82%|â–ˆâ–ˆâ–ˆâ–ˆâ–ˆâ–ˆâ–ˆâ–ˆâ– | 41/50 [00:04<00:01,  6.27it/s, best=3.2167, regret=0.0960, data=43000]
    Random Search:  84%|â–ˆâ–ˆâ–ˆâ–ˆâ–ˆâ–ˆâ–ˆâ–ˆâ– | 42/50 [00:04<00:01,  7.05it/s, best=3.2167, regret=0.0960, data=43000]
    Random Search:  84%|â–ˆâ–ˆâ–ˆâ–ˆâ–ˆâ–ˆâ–ˆâ–ˆâ– | 42/50 [00:04<00:01,  7.05it/s, best=3.2167, regret=0.0960, data=44000]
    Random Search:  86%|â–ˆâ–ˆâ–ˆâ–ˆâ–ˆâ–ˆâ–ˆâ–ˆâ–Œ | 43/50 [00:04<00:00,  7.73it/s, best=3.2167, regret=0.0960, data=44000]
    Random Search:  86%|â–ˆâ–ˆâ–ˆâ–ˆâ–ˆâ–ˆâ–ˆâ–ˆâ–Œ | 43/50 [00:05<00:00,  7.73it/s, best=3.2167, regret=0.0960, data=45000]
    Random Search:  88%|â–ˆâ–ˆâ–ˆâ–ˆâ–ˆâ–ˆâ–ˆâ–ˆâ–Š | 44/50 [00:05<00:00,  8.28it/s, best=3.2167, regret=0.0960, data=45000]
    Random Search:  88%|â–ˆâ–ˆâ–ˆâ–ˆâ–ˆâ–ˆâ–ˆâ–ˆâ–Š | 44/50 [00:05<00:00,  8.28it/s, best=3.2167, regret=0.0960, data=46000]
    Random Search:  90%|â–ˆâ–ˆâ–ˆâ–ˆâ–ˆâ–ˆâ–ˆâ–ˆâ–ˆ | 45/50 [00:05<00:00,  8.72it/s, best=3.2167, regret=0.0960, data=46000]
    Random Search:  90%|â–ˆâ–ˆâ–ˆâ–ˆâ–ˆâ–ˆâ–ˆâ–ˆâ–ˆ | 45/50 [00:05<00:00,  8.72it/s, best=3.2167, regret=0.0960, data=47000]
    Random Search:  92%|â–ˆâ–ˆâ–ˆâ–ˆâ–ˆâ–ˆâ–ˆâ–ˆâ–ˆâ–| 46/50 [00:05<00:00,  9.06it/s, best=3.2167, regret=0.0960, data=47000]
    Random Search:  92%|â–ˆâ–ˆâ–ˆâ–ˆâ–ˆâ–ˆâ–ˆâ–ˆâ–ˆâ–| 46/50 [00:05<00:00,  9.06it/s, best=3.2167, regret=0.0960, data=48000]
    Random Search:  94%|â–ˆâ–ˆâ–ˆâ–ˆâ–ˆâ–ˆâ–ˆâ–ˆâ–ˆâ–| 47/50 [00:05<00:00,  9.31it/s, best=3.2167, regret=0.0960, data=48000]
    Random Search:  94%|â–ˆâ–ˆâ–ˆâ–ˆâ–ˆâ–ˆâ–ˆâ–ˆâ–ˆâ–| 47/50 [00:05<00:00,  9.31it/s, best=3.2167, regret=0.0960, data=49000]
    Random Search:  96%|â–ˆâ–ˆâ–ˆâ–ˆâ–ˆâ–ˆâ–ˆâ–ˆâ–ˆâ–Œ| 48/50 [00:05<00:00,  9.50it/s, best=3.2167, regret=0.0960, data=49000]
    Random Search:  96%|â–ˆâ–ˆâ–ˆâ–ˆâ–ˆâ–ˆâ–ˆâ–ˆâ–ˆâ–Œ| 48/50 [00:05<00:00,  9.50it/s, best=3.2167, regret=0.0960, data=5e+4] 
    Random Search:  98%|â–ˆâ–ˆâ–ˆâ–ˆâ–ˆâ–ˆâ–ˆâ–ˆâ–ˆâ–Š| 49/50 [00:05<00:00,  9.63it/s, best=3.2167, regret=0.0960, data=5e+4]
    Random Search:  98%|â–ˆâ–ˆâ–ˆâ–ˆâ–ˆâ–ˆâ–ˆâ–ˆâ–ˆâ–Š| 49/50 [00:05<00:00,  9.63it/s, best=3.2167, regret=0.0960, data=51000]
    Random Search: 100%|â–ˆâ–ˆâ–ˆâ–ˆâ–ˆâ–ˆâ–ˆâ–ˆâ–ˆâ–ˆ| 50/50 [00:05<00:00,  9.19it/s, best=3.2167, regret=0.0960, data=51000]
                                                                                                          
   BO seed 3/3 (seed=120)

    Random Search:   0%|          | 0/50 [00:00<?, ?it/s]
    Random Search:   0%|          | 0/50 [00:00<?, ?it/s, best=3.1715, regret=0.1412, data=2000]
    Random Search:   2%|â–         | 1/50 [00:00<00:04,  9.98it/s, best=3.1715, regret=0.1412, data=2000]
    Random Search:   2%|â–         | 1/50 [00:00<00:04,  9.98it/s, best=3.1715, regret=0.1412, data=3000]
    Random Search:   4%|â–         | 2/50 [00:00<00:04,  9.97it/s, best=3.1715, regret=0.1412, data=3000]
    Random Search:   4%|â–         | 2/50 [00:00<00:04,  9.97it/s, best=3.1715, regret=0.1412, data=4000]
    Random Search:   6%|â–Œ         | 3/50 [00:00<00:04,  9.96it/s, best=3.1715, regret=0.1412, data=4000]
    Random Search:   6%|â–Œ         | 3/50 [00:00<00:04,  9.96it/s, best=3.1715, regret=0.1412, data=5000]
    Random Search:   8%|â–Š         | 4/50 [00:00<00:04,  9.96it/s, best=3.1715, regret=0.1412, data=5000]
    Random Search:   8%|â–Š         | 4/50 [00:00<00:04,  9.96it/s, best=3.1715, regret=0.1412, data=6000]
    Random Search:  10%|â–ˆ         | 5/50 [00:00<00:04,  9.61it/s, best=3.1715, regret=0.1412, data=6000]
    Random Search:  10%|â–ˆ         | 5/50 [00:00<00:04,  9.61it/s, best=3.1715, regret=0.1412, data=7000]
    Random Search:  12%|â–ˆâ–        | 6/50 [00:00<00:04,  9.42it/s, best=3.1715, regret=0.1412, data=7000]
    Random Search:  12%|â–ˆâ–        | 6/50 [00:00<00:04,  9.42it/s, best=3.1715, regret=0.1412, data=8000]
    Random Search:  14%|â–ˆâ–        | 7/50 [00:00<00:04,  9.29it/s, best=3.1715, regret=0.1412, data=8000]
    Random Search:  14%|â–ˆâ–        | 7/50 [00:00<00:04,  9.29it/s, best=3.1715, regret=0.1412, data=9000]
    Random Search:  16%|â–ˆâ–Œ        | 8/50 [00:00<00:04,  9.22it/s, best=3.1715, regret=0.1412, data=9000]
    Random Search:  16%|â–ˆâ–Œ        | 8/50 [00:00<00:04,  9.22it/s, best=3.1715, regret=0.1412, data=1e+4]
    Random Search:  18%|â–ˆâ–Š        | 9/50 [00:00<00:04,  9.17it/s, best=3.1715, regret=0.1412, data=1e+4]
    Random Search:  18%|â–ˆâ–Š        | 9/50 [00:00<00:04,  9.17it/s, best=3.1715, regret=0.1412, data=11000]
    Random Search:  20%|â–ˆâ–ˆ        | 10/50 [00:01<00:04,  9.13it/s, best=3.1715, regret=0.1412, data=11000]
    Random Search:  20%|â–ˆâ–ˆ        | 10/50 [00:01<00:04,  9.13it/s, best=3.1715, regret=0.1412, data=12000]
    Random Search:  22%|â–ˆâ–ˆâ–       | 11/50 [00:01<00:04,  9.11it/s, best=3.1715, regret=0.1412, data=12000]
    Random Search:  22%|â–ˆâ–ˆâ–       | 11/50 [00:01<00:04,  9.11it/s, best=3.1715, regret=0.1412, data=13000]
    Random Search:  24%|â–ˆâ–ˆâ–       | 12/50 [00:01<00:04,  9.09it/s, best=3.1715, regret=0.1412, data=13000]
    Random Search:  24%|â–ˆâ–ˆâ–       | 12/50 [00:01<00:04,  9.09it/s, best=3.1715, regret=0.1412, data=14000]
    Random Search:  26%|â–ˆâ–ˆâ–Œ       | 13/50 [00:01<00:04,  9.08it/s, best=3.1715, regret=0.1412, data=14000]
    Random Search:  26%|â–ˆâ–ˆâ–Œ       | 13/50 [00:01<00:04,  9.08it/s, best=3.1715, regret=0.1412, data=15000]
    Random Search:  28%|â–ˆâ–ˆâ–Š       | 14/50 [00:01<00:03,  9.07it/s, best=3.1715, regret=0.1412, data=15000]
    Random Search:  28%|â–ˆâ–ˆâ–Š       | 14/50 [00:01<00:03,  9.07it/s, best=3.1715, regret=0.1412, data=16000]
    Random Search:  30%|â–ˆâ–ˆâ–ˆ       | 15/50 [00:01<00:03,  9.07it/s, best=3.1715, regret=0.1412, data=16000]
    Random Search:  30%|â–ˆâ–ˆâ–ˆ       | 15/50 [00:01<00:03,  9.07it/s, best=3.1715, regret=0.1412, data=17000]
    Random Search:  32%|â–ˆâ–ˆâ–ˆâ–      | 16/50 [00:01<00:03,  9.06it/s, best=3.1715, regret=0.1412, data=17000]
    Random Search:  32%|â–ˆâ–ˆâ–ˆâ–      | 16/50 [00:01<00:03,  9.06it/s, best=3.1715, regret=0.1412, data=18000]
    Random Search:  34%|â–ˆâ–ˆâ–ˆâ–      | 17/50 [00:01<00:03,  9.06it/s, best=3.1715, regret=0.1412, data=18000]
    Random Search:  34%|â–ˆâ–ˆâ–ˆâ–      | 17/50 [00:01<00:03,  9.06it/s, best=3.1715, regret=0.1412, data=19000]
    Random Search:  36%|â–ˆâ–ˆâ–ˆâ–Œ      | 18/50 [00:02<00:04,  6.68it/s, best=3.1715, regret=0.1412, data=19000]
    Random Search:  36%|â–ˆâ–ˆâ–ˆâ–Œ      | 18/50 [00:02<00:04,  6.68it/s, best=3.1715, regret=0.1412, data=2e+4] 
    Random Search:  38%|â–ˆâ–ˆâ–ˆâ–Š      | 19/50 [00:02<00:04,  7.42it/s, best=3.1715, regret=0.1412, data=2e+4]
    Random Search:  38%|â–ˆâ–ˆâ–ˆâ–Š      | 19/50 [00:02<00:04,  7.42it/s, best=3.1715, regret=0.1412, data=21000]
    Random Search:  40%|â–ˆâ–ˆâ–ˆâ–ˆ      | 20/50 [00:02<00:03,  8.03it/s, best=3.1715, regret=0.1412, data=21000]
    Random Search:  40%|â–ˆâ–ˆâ–ˆâ–ˆ      | 20/50 [00:02<00:03,  8.03it/s, best=3.1715, regret=0.1412, data=22000]
    Random Search:  42%|â–ˆâ–ˆâ–ˆâ–ˆâ–     | 21/50 [00:02<00:03,  8.53it/s, best=3.1715, regret=0.1412, data=22000]
    Random Search:  42%|â–ˆâ–ˆâ–ˆâ–ˆâ–     | 21/50 [00:02<00:03,  8.53it/s, best=3.1715, regret=0.1412, data=23000]
    Random Search:  44%|â–ˆâ–ˆâ–ˆâ–ˆâ–     | 22/50 [00:02<00:03,  8.91it/s, best=3.1715, regret=0.1412, data=23000]
    Random Search:  44%|â–ˆâ–ˆâ–ˆâ–ˆâ–     | 22/50 [00:02<00:03,  8.91it/s, best=3.1715, regret=0.1412, data=24000]
    Random Search:  46%|â–ˆâ–ˆâ–ˆâ–ˆâ–Œ     | 23/50 [00:02<00:02,  9.20it/s, best=3.1715, regret=0.1412, data=24000]
    Random Search:  46%|â–ˆâ–ˆâ–ˆâ–ˆâ–Œ     | 23/50 [00:02<00:02,  9.20it/s, best=3.1715, regret=0.1412, data=25000]
    Random Search:  48%|â–ˆâ–ˆâ–ˆâ–ˆâ–Š     | 24/50 [00:02<00:02,  9.42it/s, best=3.1715, regret=0.1412, data=25000]
    Random Search:  48%|â–ˆâ–ˆâ–ˆâ–ˆâ–Š     | 24/50 [00:02<00:02,  9.42it/s, best=3.1715, regret=0.1412, data=26000]
    Random Search:  50%|â–ˆâ–ˆâ–ˆâ–ˆâ–ˆ     | 25/50 [00:02<00:02,  9.57it/s, best=3.1715, regret=0.1412, data=26000]
    Random Search:  50%|â–ˆâ–ˆâ–ˆâ–ˆâ–ˆ     | 25/50 [00:02<00:02,  9.57it/s, best=3.1715, regret=0.1412, data=27000]
    Random Search:  52%|â–ˆâ–ˆâ–ˆâ–ˆâ–ˆâ–    | 26/50 [00:02<00:02,  9.69it/s, best=3.1715, regret=0.1412, data=27000]
    Random Search:  52%|â–ˆâ–ˆâ–ˆâ–ˆâ–ˆâ–    | 26/50 [00:02<00:02,  9.69it/s, best=3.1715, regret=0.1412, data=28000]
    Random Search:  54%|â–ˆâ–ˆâ–ˆâ–ˆâ–ˆâ–    | 27/50 [00:02<00:02,  9.77it/s, best=3.1715, regret=0.1412, data=28000]
    Random Search:  54%|â–ˆâ–ˆâ–ˆâ–ˆâ–ˆâ–    | 27/50 [00:03<00:02,  9.77it/s, best=3.1715, regret=0.1412, data=29000]
    Random Search:  56%|â–ˆâ–ˆâ–ˆâ–ˆâ–ˆâ–Œ    | 28/50 [00:03<00:02,  9.82it/s, best=3.1715, regret=0.1412, data=29000]
    Random Search:  56%|â–ˆâ–ˆâ–ˆâ–ˆâ–ˆâ–Œ    | 28/50 [00:03<00:02,  9.82it/s, best=3.1715, regret=0.1412, data=3e+4] 
    Random Search:  58%|â–ˆâ–ˆâ–ˆâ–ˆâ–ˆâ–Š    | 29/50 [00:03<00:02,  9.86it/s, best=3.1715, regret=0.1412, data=3e+4]
    Random Search:  58%|â–ˆâ–ˆâ–ˆâ–ˆâ–ˆâ–Š    | 29/50 [00:03<00:02,  9.86it/s, best=3.2167, regret=0.0960, data=31000]
    Random Search:  60%|â–ˆâ–ˆâ–ˆâ–ˆâ–ˆâ–ˆ    | 30/50 [00:03<00:02,  9.89it/s, best=3.2167, regret=0.0960, data=31000]
    Random Search:  60%|â–ˆâ–ˆâ–ˆâ–ˆâ–ˆâ–ˆ    | 30/50 [00:03<00:02,  9.89it/s, best=3.2167, regret=0.0960, data=32000]
    Random Search:  62%|â–ˆâ–ˆâ–ˆâ–ˆâ–ˆâ–ˆâ–   | 31/50 [00:03<00:01,  9.91it/s, best=3.2167, regret=0.0960, data=32000]
    Random Search:  62%|â–ˆâ–ˆâ–ˆâ–ˆâ–ˆâ–ˆâ–   | 31/50 [00:03<00:01,  9.91it/s, best=3.2167, regret=0.0960, data=33000]
    Random Search:  64%|â–ˆâ–ˆâ–ˆâ–ˆâ–ˆâ–ˆâ–   | 32/50 [00:03<00:01,  9.93it/s, best=3.2167, regret=0.0960, data=33000]
    Random Search:  64%|â–ˆâ–ˆâ–ˆâ–ˆâ–ˆâ–ˆâ–   | 32/50 [00:03<00:01,  9.93it/s, best=3.2167, regret=0.0960, data=34000]
    Random Search:  66%|â–ˆâ–ˆâ–ˆâ–ˆâ–ˆâ–ˆâ–Œ   | 33/50 [00:03<00:01,  9.94it/s, best=3.2167, regret=0.0960, data=34000]
    Random Search:  66%|â–ˆâ–ˆâ–ˆâ–ˆâ–ˆâ–ˆâ–Œ   | 33/50 [00:03<00:01,  9.94it/s, best=3.2167, regret=0.0960, data=35000]
    Random Search:  68%|â–ˆâ–ˆâ–ˆâ–ˆâ–ˆâ–ˆâ–Š   | 34/50 [00:03<00:01,  9.94it/s, best=3.2167, regret=0.0960, data=35000]
    Random Search:  68%|â–ˆâ–ˆâ–ˆâ–ˆâ–ˆâ–ˆâ–Š   | 34/50 [00:03<00:01,  9.94it/s, best=3.2167, regret=0.0960, data=36000]
    Random Search:  70%|â–ˆâ–ˆâ–ˆâ–ˆâ–ˆâ–ˆâ–ˆ   | 35/50 [00:03<00:01,  8.88it/s, best=3.2167, regret=0.0960, data=36000]
    Random Search:  70%|â–ˆâ–ˆâ–ˆâ–ˆâ–ˆâ–ˆâ–ˆ   | 35/50 [00:03<00:01,  8.88it/s, best=3.2167, regret=0.0960, data=37000]
    Random Search:  72%|â–ˆâ–ˆâ–ˆâ–ˆâ–ˆâ–ˆâ–ˆâ–  | 36/50 [00:03<00:01,  8.93it/s, best=3.2167, regret=0.0960, data=37000]
    Random Search:  72%|â–ˆâ–ˆâ–ˆâ–ˆâ–ˆâ–ˆâ–ˆâ–  | 36/50 [00:03<00:01,  8.93it/s, best=3.2167, regret=0.0960, data=38000]
    Random Search:  74%|â–ˆâ–ˆâ–ˆâ–ˆâ–ˆâ–ˆâ–ˆâ–  | 37/50 [00:04<00:01,  8.97it/s, best=3.2167, regret=0.0960, data=38000]
    Random Search:  74%|â–ˆâ–ˆâ–ˆâ–ˆâ–ˆâ–ˆâ–ˆâ–  | 37/50 [00:04<00:01,  8.97it/s, best=3.2167, regret=0.0960, data=39000]
    Random Search:  76%|â–ˆâ–ˆâ–ˆâ–ˆâ–ˆâ–ˆâ–ˆâ–Œ  | 38/50 [00:04<00:01,  9.00it/s, best=3.2167, regret=0.0960, data=39000]
    Random Search:  76%|â–ˆâ–ˆâ–ˆâ–ˆâ–ˆâ–ˆâ–ˆâ–Œ  | 38/50 [00:04<00:01,  9.00it/s, best=3.2167, regret=0.0960, data=4e+4] 
    Random Search:  78%|â–ˆâ–ˆâ–ˆâ–ˆâ–ˆâ–ˆâ–ˆâ–Š  | 39/50 [00:04<00:01,  9.01it/s, best=3.2167, regret=0.0960, data=4e+4]
    Random Search:  78%|â–ˆâ–ˆâ–ˆâ–ˆâ–ˆâ–ˆâ–ˆâ–Š  | 39/50 [00:04<00:01,  9.01it/s, best=3.2167, regret=0.0960, data=41000]
    Random Search:  80%|â–ˆâ–ˆâ–ˆâ–ˆâ–ˆâ–ˆâ–ˆâ–ˆ  | 40/50 [00:04<00:01,  9.02it/s, best=3.2167, regret=0.0960, data=41000]
    Random Search:  80%|â–ˆâ–ˆâ–ˆâ–ˆâ–ˆâ–ˆâ–ˆâ–ˆ  | 40/50 [00:04<00:01,  9.02it/s, best=3.2167, regret=0.0960, data=42000]
    Random Search:  82%|â–ˆâ–ˆâ–ˆâ–ˆâ–ˆâ–ˆâ–ˆâ–ˆâ– | 41/50 [00:04<00:00,  9.03it/s, best=3.2167, regret=0.0960, data=42000]
    Random Search:  82%|â–ˆâ–ˆâ–ˆâ–ˆâ–ˆâ–ˆâ–ˆâ–ˆâ– | 41/50 [00:04<00:00,  9.03it/s, best=3.2167, regret=0.0960, data=43000]
    Random Search:  84%|â–ˆâ–ˆâ–ˆâ–ˆâ–ˆâ–ˆâ–ˆâ–ˆâ– | 42/50 [00:04<00:00,  9.04it/s, best=3.2167, regret=0.0960, data=43000]
    Random Search:  84%|â–ˆâ–ˆâ–ˆâ–ˆâ–ˆâ–ˆâ–ˆâ–ˆâ– | 42/50 [00:04<00:00,  9.04it/s, best=3.2167, regret=0.0960, data=44000]
    Random Search:  86%|â–ˆâ–ˆâ–ˆâ–ˆâ–ˆâ–ˆâ–ˆâ–ˆâ–Œ | 43/50 [00:04<00:00,  9.04it/s, best=3.2167, regret=0.0960, data=44000]
    Random Search:  86%|â–ˆâ–ˆâ–ˆâ–ˆâ–ˆâ–ˆâ–ˆâ–ˆâ–Œ | 43/50 [00:04<00:00,  9.04it/s, best=3.3045, regret=0.0082, data=45000]
    Random Search:  88%|â–ˆâ–ˆâ–ˆâ–ˆâ–ˆâ–ˆâ–ˆâ–ˆâ–Š | 44/50 [00:04<00:00,  9.05it/s, best=3.3045, regret=0.0082, data=45000]
    Random Search:  88%|â–ˆâ–ˆâ–ˆâ–ˆâ–ˆâ–ˆâ–ˆâ–ˆâ–Š | 44/50 [00:04<00:00,  9.05it/s, best=3.3045, regret=0.0082, data=46000]
    Random Search:  90%|â–ˆâ–ˆâ–ˆâ–ˆâ–ˆâ–ˆâ–ˆâ–ˆâ–ˆ | 45/50 [00:04<00:00,  9.05it/s, best=3.3045, regret=0.0082, data=46000]
    Random Search:  90%|â–ˆâ–ˆâ–ˆâ–ˆâ–ˆâ–ˆâ–ˆâ–ˆâ–ˆ | 45/50 [00:04<00:00,  9.05it/s, best=3.3045, regret=0.0082, data=47000]
    Random Search:  92%|â–ˆâ–ˆâ–ˆâ–ˆâ–ˆâ–ˆâ–ˆâ–ˆâ–ˆâ–| 46/50 [00:05<00:00,  9.05it/s, best=3.3045, regret=0.0082, data=47000]
    Random Search:  92%|â–ˆâ–ˆâ–ˆâ–ˆâ–ˆâ–ˆâ–ˆâ–ˆâ–ˆâ–| 46/50 [00:05<00:00,  9.05it/s, best=3.3045, regret=0.0082, data=48000]
    Random Search:  94%|â–ˆâ–ˆâ–ˆâ–ˆâ–ˆâ–ˆâ–ˆâ–ˆâ–ˆâ–| 47/50 [00:05<00:00,  6.82it/s, best=3.3045, regret=0.0082, data=48000]
    Random Search:  94%|â–ˆâ–ˆâ–ˆâ–ˆâ–ˆâ–ˆâ–ˆâ–ˆâ–ˆâ–| 47/50 [00:05<00:00,  6.82it/s, best=3.3045, regret=0.0082, data=49000]
    Random Search:  96%|â–ˆâ–ˆâ–ˆâ–ˆâ–ˆâ–ˆâ–ˆâ–ˆâ–ˆâ–Œ| 48/50 [00:05<00:00,  7.36it/s, best=3.3045, regret=0.0082, data=49000]
    Random Search:  96%|â–ˆâ–ˆâ–ˆâ–ˆâ–ˆâ–ˆâ–ˆâ–ˆâ–ˆâ–Œ| 48/50 [00:05<00:00,  7.36it/s, best=3.3045, regret=0.0082, data=5e+4] 
    Random Search:  98%|â–ˆâ–ˆâ–ˆâ–ˆâ–ˆâ–ˆâ–ˆâ–ˆâ–ˆâ–Š| 49/50 [00:05<00:00,  7.80it/s, best=3.3045, regret=0.0082, data=5e+4]
    Random Search:  98%|â–ˆâ–ˆâ–ˆâ–ˆâ–ˆâ–ˆâ–ˆâ–ˆâ–ˆâ–Š| 49/50 [00:05<00:00,  7.80it/s, best=3.3045, regret=0.0082, data=51000]
    Random Search: 100%|â–ˆâ–ˆâ–ˆâ–ˆâ–ˆâ–ˆâ–ˆâ–ˆâ–ˆâ–ˆ| 50/50 [00:05<00:00,  8.14it/s, best=3.3045, regret=0.0082, data=51000]
                                                                                                          
ðŸ”¬ Running sparse_grf with 3 seeds...
   BO seed 1/3 (seed=100)

    Sparse Grf:   0%|          | 0/50 [00:00<?, ?it/s]/scratches/cartwright/mz473/Efficient-Gaussian-Process-on-Graphs/venv/lib/python3.12/site-packages/linear_operator/utils/sparse.py:51: UserWarning: TypedStorage is deprecated. It will be removed in the future and UntypedStorage will be the only storage class. This should only matter to you if you are using storages directly.  To access UntypedStorage directly, use tensor.untyped_storage() instead of tensor.storage()
  if nonzero_indices.storage():
/scratches/cartwright/mz473/Efficient-Gaussian-Process-on-Graphs/venv/lib/python3.12/site-packages/linear_operator/utils/sparse.py:66: UserWarning: The torch.cuda.*DtypeTensor constructors are no longer recommended. It's best to use methods such as torch.tensor(data, dtype=*, device='cuda') to create tensors. (Triggered internally at /pytorch/torch/csrc/tensor/python_tensor.cpp:78.)
  res = cls(index_tensor, value_tensor, interp_size)
/scratches/cartwright/mz473/Efficient-Gaussian-Process-on-Graphs/venv/lib/python3.12/site-packages/linear_operator/utils/sparse.py:66: UserWarning: torch.sparse.SparseTensor(indices, values, shape, *, device=) is deprecated.  Please use torch.sparse_coo_tensor(indices, values, shape, dtype=, device=). (Triggered internally at /pytorch/torch/csrc/utils/tensor_new.cpp:653.)
  res = cls(index_tensor, value_tensor, interp_size)

    Sparse Grf:   0%|          | 0/50 [01:43<?, ?it/s, best=2.9489, regret=0.3638, data=2000]
    Sparse Grf:   2%|â–         | 1/50 [01:43<1:24:53, 103.94s/it, best=2.9489, regret=0.3638, data=2000]
    Sparse Grf:   2%|â–         | 1/50 [01:45<1:24:53, 103.94s/it, best=3.0129, regret=0.2998, data=3000]
    Sparse Grf:   4%|â–         | 2/50 [01:45<34:47, 43.49s/it, best=3.0129, regret=0.2998, data=3000]   
    Sparse Grf:   4%|â–         | 2/50 [01:46<34:47, 43.49s/it, best=3.1172, regret=0.1955, data=4000]
    Sparse Grf:   6%|â–Œ         | 3/50 [01:46<18:54, 24.15s/it, best=3.1172, regret=0.1955, data=4000]
    Sparse Grf:   6%|â–Œ         | 3/50 [01:47<18:54, 24.15s/it, best=3.1172, regret=0.1955, data=5000]
    Sparse Grf:   8%|â–Š         | 4/50 [01:47<11:33, 15.07s/it, best=3.1172, regret=0.1955, data=5000]
    Sparse Grf:   8%|â–Š         | 4/50 [01:48<11:33, 15.07s/it, best=3.1172, regret=0.1955, data=6000]
    Sparse Grf:  10%|â–ˆ         | 5/50 [01:48<07:31, 10.04s/it, best=3.1172, regret=0.1955, data=6000]
    Sparse Grf:  10%|â–ˆ         | 5/50 [01:49<07:31, 10.04s/it, best=3.1172, regret=0.1955, data=7000]
    Sparse Grf:  12%|â–ˆâ–        | 6/50 [01:49<05:08,  7.01s/it, best=3.1172, regret=0.1955, data=7000]
    Sparse Grf:  12%|â–ˆâ–        | 6/50 [01:50<05:08,  7.01s/it, best=3.1172, regret=0.1955, data=8000]
    Sparse Grf:  14%|â–ˆâ–        | 7/50 [01:50<03:38,  5.08s/it, best=3.1172, regret=0.1955, data=8000]
    Sparse Grf:  14%|â–ˆâ–        | 7/50 [01:51<03:38,  5.08s/it, best=3.1172, regret=0.1955, data=9000]
    Sparse Grf:  16%|â–ˆâ–Œ        | 8/50 [01:51<02:40,  3.81s/it, best=3.1172, regret=0.1955, data=9000]
    Sparse Grf:  16%|â–ˆâ–Œ        | 8/50 [01:52<02:40,  3.81s/it, best=3.1172, regret=0.1955, data=1e+4]
    Sparse Grf:  18%|â–ˆâ–Š        | 9/50 [01:52<02:01,  2.96s/it, best=3.1172, regret=0.1955, data=1e+4]
    Sparse Grf:  18%|â–ˆâ–Š        | 9/50 [01:54<02:01,  2.96s/it, best=3.1172, regret=0.1955, data=11000]
    Sparse Grf:  20%|â–ˆâ–ˆ        | 10/50 [01:54<01:35,  2.39s/it, best=3.1172, regret=0.1955, data=11000]
    Sparse Grf:  20%|â–ˆâ–ˆ        | 10/50 [03:36<01:35,  2.39s/it, best=3.1172, regret=0.1955, data=12000]
    Sparse Grf:  22%|â–ˆâ–ˆâ–       | 11/50 [03:36<21:23, 32.90s/it, best=3.1172, regret=0.1955, data=12000]
    Sparse Grf:  22%|â–ˆâ–ˆâ–       | 11/50 [03:37<21:23, 32.90s/it, best=3.1228, regret=0.1899, data=13000]
    Sparse Grf:  24%|â–ˆâ–ˆâ–       | 12/50 [03:37<14:42, 23.23s/it, best=3.1228, regret=0.1899, data=13000]
    Sparse Grf:  24%|â–ˆâ–ˆâ–       | 12/50 [03:38<14:42, 23.23s/it, best=3.1228, regret=0.1899, data=14000]
    Sparse Grf:  26%|â–ˆâ–ˆâ–Œ       | 13/50 [03:38<10:11, 16.53s/it, best=3.1228, regret=0.1899, data=14000]
    Sparse Grf:  26%|â–ˆâ–ˆâ–Œ       | 13/50 [03:39<10:11, 16.53s/it, best=3.1228, regret=0.1899, data=15000]
    Sparse Grf:  28%|â–ˆâ–ˆâ–Š       | 14/50 [03:39<07:07, 11.87s/it, best=3.1228, regret=0.1899, data=15000]
    Sparse Grf:  28%|â–ˆâ–ˆâ–Š       | 14/50 [03:40<07:07, 11.87s/it, best=3.1228, regret=0.1899, data=16000]
    Sparse Grf:  30%|â–ˆâ–ˆâ–ˆ       | 15/50 [03:40<05:01,  8.62s/it, best=3.1228, regret=0.1899, data=16000]
    Sparse Grf:  30%|â–ˆâ–ˆâ–ˆ       | 15/50 [03:41<05:01,  8.62s/it, best=3.1228, regret=0.1899, data=17000]
    Sparse Grf:  32%|â–ˆâ–ˆâ–ˆâ–      | 16/50 [03:41<03:36,  6.36s/it, best=3.1228, regret=0.1899, data=17000]
    Sparse Grf:  32%|â–ˆâ–ˆâ–ˆâ–      | 16/50 [03:42<03:36,  6.36s/it, best=3.2946, regret=0.0181, data=18000]
    Sparse Grf:  34%|â–ˆâ–ˆâ–ˆâ–      | 17/50 [03:42<02:37,  4.77s/it, best=3.2946, regret=0.0181, data=18000]
    Sparse Grf:  34%|â–ˆâ–ˆâ–ˆâ–      | 17/50 [03:43<02:37,  4.77s/it, best=3.2946, regret=0.0181, data=19000]
    Sparse Grf:  36%|â–ˆâ–ˆâ–ˆâ–Œ      | 18/50 [03:43<01:57,  3.67s/it, best=3.2946, regret=0.0181, data=19000]
    Sparse Grf:  36%|â–ˆâ–ˆâ–ˆâ–Œ      | 18/50 [03:44<01:57,  3.67s/it, best=3.2946, regret=0.0181, data=2e+4] 
    Sparse Grf:  38%|â–ˆâ–ˆâ–ˆâ–Š      | 19/50 [03:44<01:29,  2.90s/it, best=3.2946, regret=0.0181, data=2e+4]
    Sparse Grf:  38%|â–ˆâ–ˆâ–ˆâ–Š      | 19/50 [03:46<01:29,  2.90s/it, best=3.2946, regret=0.0181, data=21000]
    Sparse Grf:  40%|â–ˆâ–ˆâ–ˆâ–ˆ      | 20/50 [03:46<01:10,  2.36s/it, best=3.2946, regret=0.0181, data=21000]
    Sparse Grf:  40%|â–ˆâ–ˆâ–ˆâ–ˆ      | 20/50 [05:31<01:10,  2.36s/it, best=3.2946, regret=0.0181, data=22000]
    Sparse Grf:  42%|â–ˆâ–ˆâ–ˆâ–ˆâ–     | 21/50 [05:31<16:07, 33.36s/it, best=3.2946, regret=0.0181, data=22000]
    Sparse Grf:  42%|â–ˆâ–ˆâ–ˆâ–ˆâ–     | 21/50 [05:32<16:07, 33.36s/it, best=3.2946, regret=0.0181, data=23000]
    Sparse Grf:  44%|â–ˆâ–ˆâ–ˆâ–ˆâ–     | 22/50 [05:32<11:03, 23.69s/it, best=3.2946, regret=0.0181, data=23000]
    Sparse Grf:  44%|â–ˆâ–ˆâ–ˆâ–ˆâ–     | 22/50 [05:33<11:03, 23.69s/it, best=3.2946, regret=0.0181, data=24000]
    Sparse Grf:  46%|â–ˆâ–ˆâ–ˆâ–ˆâ–Œ     | 23/50 [05:33<07:36, 16.92s/it, best=3.2946, regret=0.0181, data=24000]
    Sparse Grf:  46%|â–ˆâ–ˆâ–ˆâ–ˆâ–Œ     | 23/50 [05:35<07:36, 16.92s/it, best=3.2946, regret=0.0181, data=25000]
    Sparse Grf:  48%|â–ˆâ–ˆâ–ˆâ–ˆâ–Š     | 24/50 [05:35<05:16, 12.18s/it, best=3.2946, regret=0.0181, data=25000]
    Sparse Grf:  48%|â–ˆâ–ˆâ–ˆâ–ˆâ–Š     | 24/50 [05:36<05:16, 12.18s/it, best=3.2946, regret=0.0181, data=26000]
    Sparse Grf:  50%|â–ˆâ–ˆâ–ˆâ–ˆâ–ˆ     | 25/50 [05:36<03:41,  8.86s/it, best=3.2946, regret=0.0181, data=26000]
    Sparse Grf:  50%|â–ˆâ–ˆâ–ˆâ–ˆâ–ˆ     | 25/50 [05:37<03:41,  8.86s/it, best=3.2946, regret=0.0181, data=27000]
    Sparse Grf:  52%|â–ˆâ–ˆâ–ˆâ–ˆâ–ˆâ–    | 26/50 [05:37<02:36,  6.54s/it, best=3.2946, regret=0.0181, data=27000]
    Sparse Grf:  52%|â–ˆâ–ˆâ–ˆâ–ˆâ–ˆâ–    | 26/50 [05:38<02:36,  6.54s/it, best=3.2946, regret=0.0181, data=28000]
    Sparse Grf:  54%|â–ˆâ–ˆâ–ˆâ–ˆâ–ˆâ–    | 27/50 [05:38<01:53,  4.91s/it, best=3.2946, regret=0.0181, data=28000]
    Sparse Grf:  54%|â–ˆâ–ˆâ–ˆâ–ˆâ–ˆâ–    | 27/50 [05:39<01:53,  4.91s/it, best=3.2946, regret=0.0181, data=29000]
    Sparse Grf:  56%|â–ˆâ–ˆâ–ˆâ–ˆâ–ˆâ–Œ    | 28/50 [05:39<01:23,  3.78s/it, best=3.2946, regret=0.0181, data=29000]
    Sparse Grf:  56%|â–ˆâ–ˆâ–ˆâ–ˆâ–ˆâ–Œ    | 28/50 [05:40<01:23,  3.78s/it, best=3.2946, regret=0.0181, data=3e+4] 
    Sparse Grf:  58%|â–ˆâ–ˆâ–ˆâ–ˆâ–ˆâ–Š    | 29/50 [05:40<01:02,  2.98s/it, best=3.2946, regret=0.0181, data=3e+4]
    Sparse Grf:  58%|â–ˆâ–ˆâ–ˆâ–ˆâ–ˆâ–Š    | 29/50 [05:41<01:02,  2.98s/it, best=3.2946, regret=0.0181, data=31000]
    Sparse Grf:  60%|â–ˆâ–ˆâ–ˆâ–ˆâ–ˆâ–ˆ    | 30/50 [05:41<00:48,  2.42s/it, best=3.2946, regret=0.0181, data=31000]
    Sparse Grf:  60%|â–ˆâ–ˆâ–ˆâ–ˆâ–ˆâ–ˆ    | 30/50 [07:34<00:48,  2.42s/it, best=3.2946, regret=0.0181, data=32000]
    Sparse Grf:  62%|â–ˆâ–ˆâ–ˆâ–ˆâ–ˆâ–ˆâ–   | 31/50 [07:34<11:14, 35.48s/it, best=3.2946, regret=0.0181, data=32000]
    Sparse Grf:  62%|â–ˆâ–ˆâ–ˆâ–ˆâ–ˆâ–ˆâ–   | 31/50 [07:35<11:14, 35.48s/it, best=3.2946, regret=0.0181, data=33000]
    Sparse Grf:  64%|â–ˆâ–ˆâ–ˆâ–ˆâ–ˆâ–ˆâ–   | 32/50 [07:35<07:32, 25.16s/it, best=3.2946, regret=0.0181, data=33000]
    Sparse Grf:  64%|â–ˆâ–ˆâ–ˆâ–ˆâ–ˆâ–ˆâ–   | 32/50 [07:36<07:32, 25.16s/it, best=3.2946, regret=0.0181, data=34000]
    Sparse Grf:  66%|â–ˆâ–ˆâ–ˆâ–ˆâ–ˆâ–ˆâ–Œ   | 33/50 [07:36<05:04, 17.94s/it, best=3.2946, regret=0.0181, data=34000]
    Sparse Grf:  66%|â–ˆâ–ˆâ–ˆâ–ˆâ–ˆâ–ˆâ–Œ   | 33/50 [07:37<05:04, 17.94s/it, best=3.2946, regret=0.0181, data=35000]
    Sparse Grf:  68%|â–ˆâ–ˆâ–ˆâ–ˆâ–ˆâ–ˆâ–Š   | 34/50 [07:37<03:26, 12.89s/it, best=3.2946, regret=0.0181, data=35000]
    Sparse Grf:  68%|â–ˆâ–ˆâ–ˆâ–ˆâ–ˆâ–ˆâ–Š   | 34/50 [07:38<03:26, 12.89s/it, best=3.2946, regret=0.0181, data=36000]
    Sparse Grf:  70%|â–ˆâ–ˆâ–ˆâ–ˆâ–ˆâ–ˆâ–ˆ   | 35/50 [07:38<02:20,  9.35s/it, best=3.2946, regret=0.0181, data=36000]
    Sparse Grf:  70%|â–ˆâ–ˆâ–ˆâ–ˆâ–ˆâ–ˆâ–ˆ   | 35/50 [07:39<02:20,  9.35s/it, best=3.2946, regret=0.0181, data=37000]
    Sparse Grf:  72%|â–ˆâ–ˆâ–ˆâ–ˆâ–ˆâ–ˆâ–ˆâ–  | 36/50 [07:39<01:36,  6.88s/it, best=3.2946, regret=0.0181, data=37000]
    Sparse Grf:  72%|â–ˆâ–ˆâ–ˆâ–ˆâ–ˆâ–ˆâ–ˆâ–  | 36/50 [07:40<01:36,  6.88s/it, best=3.2946, regret=0.0181, data=38000]
    Sparse Grf:  74%|â–ˆâ–ˆâ–ˆâ–ˆâ–ˆâ–ˆâ–ˆâ–  | 37/50 [07:40<01:06,  5.14s/it, best=3.2946, regret=0.0181, data=38000]
    Sparse Grf:  74%|â–ˆâ–ˆâ–ˆâ–ˆâ–ˆâ–ˆâ–ˆâ–  | 37/50 [07:42<01:06,  5.14s/it, best=3.2946, regret=0.0181, data=39000]
    Sparse Grf:  76%|â–ˆâ–ˆâ–ˆâ–ˆâ–ˆâ–ˆâ–ˆâ–Œ  | 38/50 [07:42<00:47,  3.93s/it, best=3.2946, regret=0.0181, data=39000]
    Sparse Grf:  76%|â–ˆâ–ˆâ–ˆâ–ˆâ–ˆâ–ˆâ–ˆâ–Œ  | 38/50 [07:43<00:47,  3.93s/it, best=3.2946, regret=0.0181, data=4e+4] 
    Sparse Grf:  78%|â–ˆâ–ˆâ–ˆâ–ˆâ–ˆâ–ˆâ–ˆâ–Š  | 39/50 [07:43<00:33,  3.08s/it, best=3.2946, regret=0.0181, data=4e+4]
    Sparse Grf:  78%|â–ˆâ–ˆâ–ˆâ–ˆâ–ˆâ–ˆâ–ˆâ–Š  | 39/50 [07:44<00:33,  3.08s/it, best=3.2946, regret=0.0181, data=41000]
    Sparse Grf:  80%|â–ˆâ–ˆâ–ˆâ–ˆâ–ˆâ–ˆâ–ˆâ–ˆ  | 40/50 [07:44<00:24,  2.49s/it, best=3.2946, regret=0.0181, data=41000]
    Sparse Grf:  80%|â–ˆâ–ˆâ–ˆâ–ˆâ–ˆâ–ˆâ–ˆâ–ˆ  | 40/50 [09:28<00:24,  2.49s/it, best=3.2946, regret=0.0181, data=42000]
    Sparse Grf:  82%|â–ˆâ–ˆâ–ˆâ–ˆâ–ˆâ–ˆâ–ˆâ–ˆâ– | 41/50 [09:28<04:56, 32.96s/it, best=3.2946, regret=0.0181, data=42000]
    Sparse Grf:  82%|â–ˆâ–ˆâ–ˆâ–ˆâ–ˆâ–ˆâ–ˆâ–ˆâ– | 41/50 [09:29<04:56, 32.96s/it, best=3.2946, regret=0.0181, data=43000]
    Sparse Grf:  84%|â–ˆâ–ˆâ–ˆâ–ˆâ–ˆâ–ˆâ–ˆâ–ˆâ– | 42/50 [09:29<03:07, 23.40s/it, best=3.2946, regret=0.0181, data=43000]
    Sparse Grf:  84%|â–ˆâ–ˆâ–ˆâ–ˆâ–ˆâ–ˆâ–ˆâ–ˆâ– | 42/50 [09:30<03:07, 23.40s/it, best=3.2946, regret=0.0181, data=44000]
    Sparse Grf:  86%|â–ˆâ–ˆâ–ˆâ–ˆâ–ˆâ–ˆâ–ˆâ–ˆâ–Œ | 43/50 [09:30<01:56, 16.71s/it, best=3.2946, regret=0.0181, data=44000]
    Sparse Grf:  86%|â–ˆâ–ˆâ–ˆâ–ˆâ–ˆâ–ˆâ–ˆâ–ˆâ–Œ | 43/50 [09:31<01:56, 16.71s/it, best=3.2946, regret=0.0181, data=45000]
    Sparse Grf:  88%|â–ˆâ–ˆâ–ˆâ–ˆâ–ˆâ–ˆâ–ˆâ–ˆâ–Š | 44/50 [09:31<01:12, 12.02s/it, best=3.2946, regret=0.0181, data=45000]
    Sparse Grf:  88%|â–ˆâ–ˆâ–ˆâ–ˆâ–ˆâ–ˆâ–ˆâ–ˆâ–Š | 44/50 [09:32<01:12, 12.02s/it, best=3.2946, regret=0.0181, data=46000]
    Sparse Grf:  90%|â–ˆâ–ˆâ–ˆâ–ˆâ–ˆâ–ˆâ–ˆâ–ˆâ–ˆ | 45/50 [09:32<00:43,  8.75s/it, best=3.2946, regret=0.0181, data=46000]
    Sparse Grf:  90%|â–ˆâ–ˆâ–ˆâ–ˆâ–ˆâ–ˆâ–ˆâ–ˆâ–ˆ | 45/50 [09:33<00:43,  8.75s/it, best=3.2946, regret=0.0181, data=47000]
    Sparse Grf:  92%|â–ˆâ–ˆâ–ˆâ–ˆâ–ˆâ–ˆâ–ˆâ–ˆâ–ˆâ–| 46/50 [09:33<00:25,  6.45s/it, best=3.2946, regret=0.0181, data=47000]
    Sparse Grf:  92%|â–ˆâ–ˆâ–ˆâ–ˆâ–ˆâ–ˆâ–ˆâ–ˆâ–ˆâ–| 46/50 [09:34<00:25,  6.45s/it, best=3.2946, regret=0.0181, data=48000]
    Sparse Grf:  94%|â–ˆâ–ˆâ–ˆâ–ˆâ–ˆâ–ˆâ–ˆâ–ˆâ–ˆâ–| 47/50 [09:34<00:14,  4.85s/it, best=3.2946, regret=0.0181, data=48000]
    Sparse Grf:  94%|â–ˆâ–ˆâ–ˆâ–ˆâ–ˆâ–ˆâ–ˆâ–ˆâ–ˆâ–| 47/50 [09:35<00:14,  4.85s/it, best=3.2946, regret=0.0181, data=49000]
    Sparse Grf:  96%|â–ˆâ–ˆâ–ˆâ–ˆâ–ˆâ–ˆâ–ˆâ–ˆâ–ˆâ–Œ| 48/50 [09:35<00:07,  3.72s/it, best=3.2946, regret=0.0181, data=49000]
    Sparse Grf:  96%|â–ˆâ–ˆâ–ˆâ–ˆâ–ˆâ–ˆâ–ˆâ–ˆâ–ˆâ–Œ| 48/50 [09:37<00:07,  3.72s/it, best=3.2946, regret=0.0181, data=5e+4] 
    Sparse Grf:  98%|â–ˆâ–ˆâ–ˆâ–ˆâ–ˆâ–ˆâ–ˆâ–ˆâ–ˆâ–Š| 49/50 [09:37<00:02,  2.93s/it, best=3.2946, regret=0.0181, data=5e+4]
    Sparse Grf:  98%|â–ˆâ–ˆâ–ˆâ–ˆâ–ˆâ–ˆâ–ˆâ–ˆâ–ˆâ–Š| 49/50 [09:38<00:02,  2.93s/it, best=3.2946, regret=0.0181, data=51000]
    Sparse Grf: 100%|â–ˆâ–ˆâ–ˆâ–ˆâ–ˆâ–ˆâ–ˆâ–ˆâ–ˆâ–ˆ| 50/50 [09:38<00:00,  2.38s/it, best=3.2946, regret=0.0181, data=51000]
                                                                                                       
Retraining model with 1000 observed points...
Retraining model with 11000 observed points...
Retraining model with 21000 observed points...
Retraining model with 31000 observed points...
Retraining model with 41000 observed points...
   BO seed 2/3 (seed=110)

    Sparse Grf:   0%|          | 0/50 [00:00<?, ?it/s]
    Sparse Grf:   0%|          | 0/50 [01:42<?, ?it/s, best=2.9484, regret=0.3643, data=2000]
    Sparse Grf:   2%|â–         | 1/50 [01:42<1:23:43, 102.51s/it, best=2.9484, regret=0.3643, data=2000]
    Sparse Grf:   2%|â–         | 1/50 [01:43<1:23:43, 102.51s/it, best=3.1139, regret=0.1988, data=3000]
    Sparse Grf:   4%|â–         | 2/50 [01:43<34:22, 42.96s/it, best=3.1139, regret=0.1988, data=3000]   
    Sparse Grf:   4%|â–         | 2/50 [01:45<34:22, 42.96s/it, best=3.1139, regret=0.1988, data=4000]
    Sparse Grf:   6%|â–Œ         | 3/50 [01:45<18:43, 23.91s/it, best=3.1139, regret=0.1988, data=4000]
    Sparse Grf:   6%|â–Œ         | 3/50 [01:46<18:43, 23.91s/it, best=3.1139, regret=0.1988, data=5000]
    Sparse Grf:   8%|â–Š         | 4/50 [01:46<11:27, 14.94s/it, best=3.1139, regret=0.1988, data=5000]
    Sparse Grf:   8%|â–Š         | 4/50 [01:47<11:27, 14.94s/it, best=3.1469, regret=0.1658, data=6000]
    Sparse Grf:  10%|â–ˆ         | 5/50 [01:47<07:29,  9.98s/it, best=3.1469, regret=0.1658, data=6000]
    Sparse Grf:  10%|â–ˆ         | 5/50 [01:48<07:29,  9.98s/it, best=3.1469, regret=0.1658, data=7000]
    Sparse Grf:  12%|â–ˆâ–        | 6/50 [01:48<05:07,  7.00s/it, best=3.1469, regret=0.1658, data=7000]
    Sparse Grf:  12%|â–ˆâ–        | 6/50 [01:49<05:07,  7.00s/it, best=3.1469, regret=0.1658, data=8000]
    Sparse Grf:  14%|â–ˆâ–        | 7/50 [01:49<03:39,  5.09s/it, best=3.1469, regret=0.1658, data=8000]
    Sparse Grf:  14%|â–ˆâ–        | 7/50 [01:50<03:39,  5.09s/it, best=3.1469, regret=0.1658, data=9000]
    Sparse Grf:  16%|â–ˆâ–Œ        | 8/50 [01:50<02:41,  3.85s/it, best=3.1469, regret=0.1658, data=9000]
    Sparse Grf:  16%|â–ˆâ–Œ        | 8/50 [01:52<02:41,  3.85s/it, best=3.1469, regret=0.1658, data=1e+4]
    Sparse Grf:  18%|â–ˆâ–Š        | 9/50 [01:52<02:03,  3.01s/it, best=3.1469, regret=0.1658, data=1e+4]
    Sparse Grf:  18%|â–ˆâ–Š        | 9/50 [01:53<02:03,  3.01s/it, best=3.1469, regret=0.1658, data=11000]
    Sparse Grf:  20%|â–ˆâ–ˆ        | 10/50 [01:53<01:37,  2.44s/it, best=3.1469, regret=0.1658, data=11000]
    Sparse Grf:  20%|â–ˆâ–ˆ        | 10/50 [03:35<01:37,  2.44s/it, best=3.1469, regret=0.1658, data=12000]
    Sparse Grf:  22%|â–ˆâ–ˆâ–       | 11/50 [03:35<21:30, 33.08s/it, best=3.1469, regret=0.1658, data=12000]
    Sparse Grf:  22%|â–ˆâ–ˆâ–       | 11/50 [03:36<21:30, 33.08s/it, best=3.1469, regret=0.1658, data=13000]
    Sparse Grf:  24%|â–ˆâ–ˆâ–       | 12/50 [03:36<14:47, 23.35s/it, best=3.1469, regret=0.1658, data=13000]
    Sparse Grf:  24%|â–ˆâ–ˆâ–       | 12/50 [03:38<14:47, 23.35s/it, best=3.1469, regret=0.1658, data=14000]
    Sparse Grf:  26%|â–ˆâ–ˆâ–Œ       | 13/50 [03:38<10:14, 16.61s/it, best=3.1469, regret=0.1658, data=14000]
    Sparse Grf:  26%|â–ˆâ–ˆâ–Œ       | 13/50 [03:39<10:14, 16.61s/it, best=3.1469, regret=0.1658, data=15000]
    Sparse Grf:  28%|â–ˆâ–ˆâ–Š       | 14/50 [03:39<07:09, 11.92s/it, best=3.1469, regret=0.1658, data=15000]
    Sparse Grf:  28%|â–ˆâ–ˆâ–Š       | 14/50 [03:40<07:09, 11.92s/it, best=3.2529, regret=0.0598, data=16000]
    Sparse Grf:  30%|â–ˆâ–ˆâ–ˆ       | 15/50 [03:40<05:03,  8.66s/it, best=3.2529, regret=0.0598, data=16000]
    Sparse Grf:  30%|â–ˆâ–ˆâ–ˆ       | 15/50 [03:41<05:03,  8.66s/it, best=3.2529, regret=0.0598, data=17000]
    Sparse Grf:  32%|â–ˆâ–ˆâ–ˆâ–      | 16/50 [03:41<03:36,  6.38s/it, best=3.2529, regret=0.0598, data=17000]
    Sparse Grf:  32%|â–ˆâ–ˆâ–ˆâ–      | 16/50 [03:42<03:36,  6.38s/it, best=3.2529, regret=0.0598, data=18000]
    Sparse Grf:  34%|â–ˆâ–ˆâ–ˆâ–      | 17/50 [03:42<02:38,  4.79s/it, best=3.2529, regret=0.0598, data=18000]
    Sparse Grf:  34%|â–ˆâ–ˆâ–ˆâ–      | 17/50 [03:43<02:38,  4.79s/it, best=3.2529, regret=0.0598, data=19000]
    Sparse Grf:  36%|â–ˆâ–ˆâ–ˆâ–Œ      | 18/50 [03:43<01:57,  3.68s/it, best=3.2529, regret=0.0598, data=19000]
    Sparse Grf:  36%|â–ˆâ–ˆâ–ˆâ–Œ      | 18/50 [03:44<01:57,  3.68s/it, best=3.2529, regret=0.0598, data=2e+4] 
    Sparse Grf:  38%|â–ˆâ–ˆâ–ˆâ–Š      | 19/50 [03:44<01:30,  2.91s/it, best=3.2529, regret=0.0598, data=2e+4]
    Sparse Grf:  38%|â–ˆâ–ˆâ–ˆâ–Š      | 19/50 [03:45<01:30,  2.91s/it, best=3.2529, regret=0.0598, data=21000]
    Sparse Grf:  40%|â–ˆâ–ˆâ–ˆâ–ˆ      | 20/50 [03:45<01:10,  2.36s/it, best=3.2529, regret=0.0598, data=21000]
    Sparse Grf:  40%|â–ˆâ–ˆâ–ˆâ–ˆ      | 20/50 [05:53<01:10,  2.36s/it, best=3.2529, regret=0.0598, data=22000]
    Sparse Grf:  42%|â–ˆâ–ˆâ–ˆâ–ˆâ–     | 21/50 [05:53<19:22, 40.07s/it, best=3.2529, regret=0.0598, data=22000]
    Sparse Grf:  42%|â–ˆâ–ˆâ–ˆâ–ˆâ–     | 21/50 [05:54<19:22, 40.07s/it, best=3.2529, regret=0.0598, data=23000]
    Sparse Grf:  44%|â–ˆâ–ˆâ–ˆâ–ˆâ–     | 22/50 [05:54<13:15, 28.39s/it, best=3.2529, regret=0.0598, data=23000]
    Sparse Grf:  44%|â–ˆâ–ˆâ–ˆâ–ˆâ–     | 22/50 [05:56<13:15, 28.39s/it, best=3.2529, regret=0.0598, data=24000]
    Sparse Grf:  46%|â–ˆâ–ˆâ–ˆâ–ˆâ–Œ     | 23/50 [05:56<09:05, 20.22s/it, best=3.2529, regret=0.0598, data=24000]
    Sparse Grf:  46%|â–ˆâ–ˆâ–ˆâ–ˆâ–Œ     | 23/50 [05:57<09:05, 20.22s/it, best=3.2529, regret=0.0598, data=25000]
    Sparse Grf:  48%|â–ˆâ–ˆâ–ˆâ–ˆâ–Š     | 24/50 [05:57<06:16, 14.50s/it, best=3.2529, regret=0.0598, data=25000]
    Sparse Grf:  48%|â–ˆâ–ˆâ–ˆâ–ˆâ–Š     | 24/50 [05:58<06:16, 14.50s/it, best=3.2529, regret=0.0598, data=26000]
    Sparse Grf:  50%|â–ˆâ–ˆâ–ˆâ–ˆâ–ˆ     | 25/50 [05:58<04:22, 10.50s/it, best=3.2529, regret=0.0598, data=26000]
    Sparse Grf:  50%|â–ˆâ–ˆâ–ˆâ–ˆâ–ˆ     | 25/50 [05:59<04:22, 10.50s/it, best=3.2529, regret=0.0598, data=27000]
    Sparse Grf:  52%|â–ˆâ–ˆâ–ˆâ–ˆâ–ˆâ–    | 26/50 [05:59<03:04,  7.70s/it, best=3.2529, regret=0.0598, data=27000]
    Sparse Grf:  52%|â–ˆâ–ˆâ–ˆâ–ˆâ–ˆâ–    | 26/50 [06:00<03:04,  7.70s/it, best=3.2529, regret=0.0598, data=28000]
    Sparse Grf:  54%|â–ˆâ–ˆâ–ˆâ–ˆâ–ˆâ–    | 27/50 [06:00<02:11,  5.73s/it, best=3.2529, regret=0.0598, data=28000]
    Sparse Grf:  54%|â–ˆâ–ˆâ–ˆâ–ˆâ–ˆâ–    | 27/50 [06:01<02:11,  5.73s/it, best=3.2529, regret=0.0598, data=29000]
    Sparse Grf:  56%|â–ˆâ–ˆâ–ˆâ–ˆâ–ˆâ–Œ    | 28/50 [06:01<01:35,  4.36s/it, best=3.2529, regret=0.0598, data=29000]
    Sparse Grf:  56%|â–ˆâ–ˆâ–ˆâ–ˆâ–ˆâ–Œ    | 28/50 [06:02<01:35,  4.36s/it, best=3.2529, regret=0.0598, data=3e+4] 
    Sparse Grf:  58%|â–ˆâ–ˆâ–ˆâ–ˆâ–ˆâ–Š    | 29/50 [06:02<01:11,  3.40s/it, best=3.2529, regret=0.0598, data=3e+4]
    Sparse Grf:  58%|â–ˆâ–ˆâ–ˆâ–ˆâ–ˆâ–Š    | 29/50 [06:04<01:11,  3.40s/it, best=3.2529, regret=0.0598, data=31000]
    Sparse Grf:  60%|â–ˆâ–ˆâ–ˆâ–ˆâ–ˆâ–ˆ    | 30/50 [06:04<00:54,  2.73s/it, best=3.2529, regret=0.0598, data=31000]
    Sparse Grf:  60%|â–ˆâ–ˆâ–ˆâ–ˆâ–ˆâ–ˆ    | 30/50 [08:04<00:54,  2.73s/it, best=3.2529, regret=0.0598, data=32000]
    Sparse Grf:  62%|â–ˆâ–ˆâ–ˆâ–ˆâ–ˆâ–ˆâ–   | 31/50 [08:04<12:04, 38.15s/it, best=3.2529, regret=0.0598, data=32000]
    Sparse Grf:  62%|â–ˆâ–ˆâ–ˆâ–ˆâ–ˆâ–ˆâ–   | 31/50 [08:06<12:04, 38.15s/it, best=3.2529, regret=0.0598, data=33000]
    Sparse Grf:  64%|â–ˆâ–ˆâ–ˆâ–ˆâ–ˆâ–ˆâ–   | 32/50 [08:06<08:06, 27.05s/it, best=3.2529, regret=0.0598, data=33000]
    Sparse Grf:  64%|â–ˆâ–ˆâ–ˆâ–ˆâ–ˆâ–ˆâ–   | 32/50 [08:07<08:06, 27.05s/it, best=3.2529, regret=0.0598, data=34000]
    Sparse Grf:  66%|â–ˆâ–ˆâ–ˆâ–ˆâ–ˆâ–ˆâ–Œ   | 33/50 [08:07<05:27, 19.29s/it, best=3.2529, regret=0.0598, data=34000]
    Sparse Grf:  66%|â–ˆâ–ˆâ–ˆâ–ˆâ–ˆâ–ˆâ–Œ   | 33/50 [08:08<05:27, 19.29s/it, best=3.2529, regret=0.0598, data=35000]
    Sparse Grf:  68%|â–ˆâ–ˆâ–ˆâ–ˆâ–ˆâ–ˆâ–Š   | 34/50 [08:08<03:41, 13.85s/it, best=3.2529, regret=0.0598, data=35000]
    Sparse Grf:  68%|â–ˆâ–ˆâ–ˆâ–ˆâ–ˆâ–ˆâ–Š   | 34/50 [08:09<03:41, 13.85s/it, best=3.2529, regret=0.0598, data=36000]
    Sparse Grf:  70%|â–ˆâ–ˆâ–ˆâ–ˆâ–ˆâ–ˆâ–ˆ   | 35/50 [08:09<02:30, 10.04s/it, best=3.2529, regret=0.0598, data=36000]
    Sparse Grf:  70%|â–ˆâ–ˆâ–ˆâ–ˆâ–ˆâ–ˆâ–ˆ   | 35/50 [08:10<02:30, 10.04s/it, best=3.2529, regret=0.0598, data=37000]
    Sparse Grf:  72%|â–ˆâ–ˆâ–ˆâ–ˆâ–ˆâ–ˆâ–ˆâ–  | 36/50 [08:10<01:43,  7.37s/it, best=3.2529, regret=0.0598, data=37000]
    Sparse Grf:  72%|â–ˆâ–ˆâ–ˆâ–ˆâ–ˆâ–ˆâ–ˆâ–  | 36/50 [08:11<01:43,  7.37s/it, best=3.2529, regret=0.0598, data=38000]
    Sparse Grf:  74%|â–ˆâ–ˆâ–ˆâ–ˆâ–ˆâ–ˆâ–ˆâ–  | 37/50 [08:11<01:11,  5.51s/it, best=3.2529, regret=0.0598, data=38000]
    Sparse Grf:  74%|â–ˆâ–ˆâ–ˆâ–ˆâ–ˆâ–ˆâ–ˆâ–  | 37/50 [08:13<01:11,  5.51s/it, best=3.2529, regret=0.0598, data=39000]
    Sparse Grf:  76%|â–ˆâ–ˆâ–ˆâ–ˆâ–ˆâ–ˆâ–ˆâ–Œ  | 38/50 [08:13<00:50,  4.20s/it, best=3.2529, regret=0.0598, data=39000]
    Sparse Grf:  76%|â–ˆâ–ˆâ–ˆâ–ˆâ–ˆâ–ˆâ–ˆâ–Œ  | 38/50 [08:14<00:50,  4.20s/it, best=3.2529, regret=0.0598, data=4e+4] 
    Sparse Grf:  78%|â–ˆâ–ˆâ–ˆâ–ˆâ–ˆâ–ˆâ–ˆâ–Š  | 39/50 [08:14<00:36,  3.29s/it, best=3.2529, regret=0.0598, data=4e+4]
    Sparse Grf:  78%|â–ˆâ–ˆâ–ˆâ–ˆâ–ˆâ–ˆâ–ˆâ–Š  | 39/50 [08:15<00:36,  3.29s/it, best=3.2529, regret=0.0598, data=41000]
    Sparse Grf:  80%|â–ˆâ–ˆâ–ˆâ–ˆâ–ˆâ–ˆâ–ˆâ–ˆ  | 40/50 [08:15<00:26,  2.65s/it, best=3.2529, regret=0.0598, data=41000]
    Sparse Grf:  80%|â–ˆâ–ˆâ–ˆâ–ˆâ–ˆâ–ˆâ–ˆâ–ˆ  | 40/50 [09:59<00:26,  2.65s/it, best=3.3045, regret=0.0082, data=42000]
    Sparse Grf:  82%|â–ˆâ–ˆâ–ˆâ–ˆâ–ˆâ–ˆâ–ˆâ–ˆâ– | 41/50 [09:59<04:57, 33.05s/it, best=3.3045, regret=0.0082, data=42000]
    Sparse Grf:  82%|â–ˆâ–ˆâ–ˆâ–ˆâ–ˆâ–ˆâ–ˆâ–ˆâ– | 41/50 [10:00<04:57, 33.05s/it, best=3.3045, regret=0.0082, data=43000]
    Sparse Grf:  84%|â–ˆâ–ˆâ–ˆâ–ˆâ–ˆâ–ˆâ–ˆâ–ˆâ– | 42/50 [10:00<03:07, 23.47s/it, best=3.3045, regret=0.0082, data=43000]
    Sparse Grf:  84%|â–ˆâ–ˆâ–ˆâ–ˆâ–ˆâ–ˆâ–ˆâ–ˆâ– | 42/50 [10:01<03:07, 23.47s/it, best=3.3045, regret=0.0082, data=44000]
    Sparse Grf:  86%|â–ˆâ–ˆâ–ˆâ–ˆâ–ˆâ–ˆâ–ˆâ–ˆâ–Œ | 43/50 [10:01<01:57, 16.76s/it, best=3.3045, regret=0.0082, data=44000]
    Sparse Grf:  86%|â–ˆâ–ˆâ–ˆâ–ˆâ–ˆâ–ˆâ–ˆâ–ˆâ–Œ | 43/50 [10:02<01:57, 16.76s/it, best=3.3045, regret=0.0082, data=45000]
    Sparse Grf:  88%|â–ˆâ–ˆâ–ˆâ–ˆâ–ˆâ–ˆâ–ˆâ–ˆâ–Š | 44/50 [10:02<01:12, 12.06s/it, best=3.3045, regret=0.0082, data=45000]
    Sparse Grf:  88%|â–ˆâ–ˆâ–ˆâ–ˆâ–ˆâ–ˆâ–ˆâ–ˆâ–Š | 44/50 [10:03<01:12, 12.06s/it, best=3.3045, regret=0.0082, data=46000]
    Sparse Grf:  90%|â–ˆâ–ˆâ–ˆâ–ˆâ–ˆâ–ˆâ–ˆâ–ˆâ–ˆ | 45/50 [10:03<00:43,  8.77s/it, best=3.3045, regret=0.0082, data=46000]
    Sparse Grf:  90%|â–ˆâ–ˆâ–ˆâ–ˆâ–ˆâ–ˆâ–ˆâ–ˆâ–ˆ | 45/50 [10:04<00:43,  8.77s/it, best=3.3045, regret=0.0082, data=47000]
    Sparse Grf:  92%|â–ˆâ–ˆâ–ˆâ–ˆâ–ˆâ–ˆâ–ˆâ–ˆâ–ˆâ–| 46/50 [10:04<00:25,  6.47s/it, best=3.3045, regret=0.0082, data=47000]
    Sparse Grf:  92%|â–ˆâ–ˆâ–ˆâ–ˆâ–ˆâ–ˆâ–ˆâ–ˆâ–ˆâ–| 46/50 [10:05<00:25,  6.47s/it, best=3.3045, regret=0.0082, data=48000]
    Sparse Grf:  94%|â–ˆâ–ˆâ–ˆâ–ˆâ–ˆâ–ˆâ–ˆâ–ˆâ–ˆâ–| 47/50 [10:05<00:14,  4.86s/it, best=3.3045, regret=0.0082, data=48000]
    Sparse Grf:  94%|â–ˆâ–ˆâ–ˆâ–ˆâ–ˆâ–ˆâ–ˆâ–ˆâ–ˆâ–| 47/50 [10:07<00:14,  4.86s/it, best=3.3045, regret=0.0082, data=49000]
    Sparse Grf:  96%|â–ˆâ–ˆâ–ˆâ–ˆâ–ˆâ–ˆâ–ˆâ–ˆâ–ˆâ–Œ| 48/50 [10:07<00:07,  3.73s/it, best=3.3045, regret=0.0082, data=49000]
    Sparse Grf:  96%|â–ˆâ–ˆâ–ˆâ–ˆâ–ˆâ–ˆâ–ˆâ–ˆâ–ˆâ–Œ| 48/50 [10:08<00:07,  3.73s/it, best=3.3045, regret=0.0082, data=5e+4] 
    Sparse Grf:  98%|â–ˆâ–ˆâ–ˆâ–ˆâ–ˆâ–ˆâ–ˆâ–ˆâ–ˆâ–Š| 49/50 [10:08<00:02,  2.94s/it, best=3.3045, regret=0.0082, data=5e+4]
    Sparse Grf:  98%|â–ˆâ–ˆâ–ˆâ–ˆâ–ˆâ–ˆâ–ˆâ–ˆâ–ˆâ–Š| 49/50 [10:09<00:02,  2.94s/it, best=3.3045, regret=0.0082, data=51000]
    Sparse Grf: 100%|â–ˆâ–ˆâ–ˆâ–ˆâ–ˆâ–ˆâ–ˆâ–ˆâ–ˆâ–ˆ| 50/50 [10:09<00:00,  2.39s/it, best=3.3045, regret=0.0082, data=51000]
                                                                                                       
Retraining model with 1000 observed points...
Retraining model with 11000 observed points...
Retraining model with 21000 observed points...
Retraining model with 31000 observed points...
Retraining model with 41000 observed points...
   BO seed 3/3 (seed=120)

    Sparse Grf:   0%|          | 0/50 [00:00<?, ?it/s]
    Sparse Grf:   0%|          | 0/50 [01:42<?, ?it/s, best=3.1715, regret=0.1412, data=2000]
    Sparse Grf:   2%|â–         | 1/50 [01:42<1:23:38, 102.41s/it, best=3.1715, regret=0.1412, data=2000]
    Sparse Grf:   2%|â–         | 1/50 [01:43<1:23:38, 102.41s/it, best=3.1715, regret=0.1412, data=3000]
    Sparse Grf:   4%|â–         | 2/50 [01:43<34:17, 42.86s/it, best=3.1715, regret=0.1412, data=3000]   
    Sparse Grf:   4%|â–         | 2/50 [01:44<34:17, 42.86s/it, best=3.1715, regret=0.1412, data=4000]
    Sparse Grf:   6%|â–Œ         | 3/50 [01:44<18:38, 23.81s/it, best=3.1715, regret=0.1412, data=4000]
    Sparse Grf:   6%|â–Œ         | 3/50 [01:45<18:38, 23.81s/it, best=3.1715, regret=0.1412, data=5000]
    Sparse Grf:   8%|â–Š         | 4/50 [01:45<11:23, 14.85s/it, best=3.1715, regret=0.1412, data=5000]
    Sparse Grf:   8%|â–Š         | 4/50 [01:46<11:23, 14.85s/it, best=3.1715, regret=0.1412, data=6000]
    Sparse Grf:  10%|â–ˆ         | 5/50 [01:46<07:25,  9.91s/it, best=3.1715, regret=0.1412, data=6000]
    Sparse Grf:  10%|â–ˆ         | 5/50 [01:48<07:25,  9.91s/it, best=3.1715, regret=0.1412, data=7000]
    Sparse Grf:  12%|â–ˆâ–        | 6/50 [01:48<05:04,  6.92s/it, best=3.1715, regret=0.1412, data=7000]
    Sparse Grf:  12%|â–ˆâ–        | 6/50 [01:49<05:04,  6.92s/it, best=3.2946, regret=0.0181, data=8000]
    Sparse Grf:  14%|â–ˆâ–        | 7/50 [01:49<03:36,  5.02s/it, best=3.2946, regret=0.0181, data=8000]
    Sparse Grf:  14%|â–ˆâ–        | 7/50 [01:50<03:36,  5.02s/it, best=3.2946, regret=0.0181, data=9000]
    Sparse Grf:  16%|â–ˆâ–Œ        | 8/50 [01:50<02:38,  3.78s/it, best=3.2946, regret=0.0181, data=9000]
    Sparse Grf:  16%|â–ˆâ–Œ        | 8/50 [01:51<02:38,  3.78s/it, best=3.2946, regret=0.0181, data=1e+4]
    Sparse Grf:  18%|â–ˆâ–Š        | 9/50 [01:51<02:00,  2.95s/it, best=3.2946, regret=0.0181, data=1e+4]
    Sparse Grf:  18%|â–ˆâ–Š        | 9/50 [01:52<02:00,  2.95s/it, best=3.2946, regret=0.0181, data=11000]
    Sparse Grf:  20%|â–ˆâ–ˆ        | 10/50 [01:52<01:35,  2.38s/it, best=3.2946, regret=0.0181, data=11000]
    Sparse Grf:  20%|â–ˆâ–ˆ        | 10/50 [03:34<01:35,  2.38s/it, best=3.2946, regret=0.0181, data=12000]
    Sparse Grf:  22%|â–ˆâ–ˆâ–       | 11/50 [03:34<21:25, 32.97s/it, best=3.2946, regret=0.0181, data=12000]
    Sparse Grf:  22%|â–ˆâ–ˆâ–       | 11/50 [03:35<21:25, 32.97s/it, best=3.2946, regret=0.0181, data=13000]
    Sparse Grf:  24%|â–ˆâ–ˆâ–       | 12/50 [03:35<14:44, 23.28s/it, best=3.2946, regret=0.0181, data=13000]
    Sparse Grf:  24%|â–ˆâ–ˆâ–       | 12/50 [03:37<14:44, 23.28s/it, best=3.2946, regret=0.0181, data=14000]
    Sparse Grf:  26%|â–ˆâ–ˆâ–Œ       | 13/50 [03:37<10:12, 16.56s/it, best=3.2946, regret=0.0181, data=14000]
    Sparse Grf:  26%|â–ˆâ–ˆâ–Œ       | 13/50 [03:38<10:12, 16.56s/it, best=3.2946, regret=0.0181, data=15000]
    Sparse Grf:  28%|â–ˆâ–ˆâ–Š       | 14/50 [03:38<07:07, 11.89s/it, best=3.2946, regret=0.0181, data=15000]
    Sparse Grf:  28%|â–ˆâ–ˆâ–Š       | 14/50 [03:39<07:07, 11.89s/it, best=3.2946, regret=0.0181, data=16000]
    Sparse Grf:  30%|â–ˆâ–ˆâ–ˆ       | 15/50 [03:39<05:02,  8.63s/it, best=3.2946, regret=0.0181, data=16000]
    Sparse Grf:  30%|â–ˆâ–ˆâ–ˆ       | 15/50 [03:40<05:02,  8.63s/it, best=3.2946, regret=0.0181, data=17000]
    Sparse Grf:  32%|â–ˆâ–ˆâ–ˆâ–      | 16/50 [03:40<03:36,  6.36s/it, best=3.2946, regret=0.0181, data=17000]
    Sparse Grf:  32%|â–ˆâ–ˆâ–ˆâ–      | 16/50 [03:41<03:36,  6.36s/it, best=3.2946, regret=0.0181, data=18000]
    Sparse Grf:  34%|â–ˆâ–ˆâ–ˆâ–      | 17/50 [03:41<02:37,  4.78s/it, best=3.2946, regret=0.0181, data=18000]
    Sparse Grf:  34%|â–ˆâ–ˆâ–ˆâ–      | 17/50 [03:42<02:37,  4.78s/it, best=3.2946, regret=0.0181, data=19000]
    Sparse Grf:  36%|â–ˆâ–ˆâ–ˆâ–Œ      | 18/50 [03:42<01:57,  3.67s/it, best=3.2946, regret=0.0181, data=19000]
    Sparse Grf:  36%|â–ˆâ–ˆâ–ˆâ–Œ      | 18/50 [03:43<01:57,  3.67s/it, best=3.2946, regret=0.0181, data=2e+4] 
    Sparse Grf:  38%|â–ˆâ–ˆâ–ˆâ–Š      | 19/50 [03:43<01:29,  2.90s/it, best=3.2946, regret=0.0181, data=2e+4]
    Sparse Grf:  38%|â–ˆâ–ˆâ–ˆâ–Š      | 19/50 [03:44<01:29,  2.90s/it, best=3.2946, regret=0.0181, data=21000]
    Sparse Grf:  40%|â–ˆâ–ˆâ–ˆâ–ˆ      | 20/50 [03:44<01:10,  2.36s/it, best=3.2946, regret=0.0181, data=21000]
    Sparse Grf:  40%|â–ˆâ–ˆâ–ˆâ–ˆ      | 20/50 [07:01<01:10,  2.36s/it, best=3.2946, regret=0.0181, data=22000]
    Sparse Grf:  42%|â–ˆâ–ˆâ–ˆâ–ˆâ–     | 21/50 [07:01<29:22, 60.77s/it, best=3.2946, regret=0.0181, data=22000]
    Sparse Grf:  42%|â–ˆâ–ˆâ–ˆâ–ˆâ–     | 21/50 [07:02<29:22, 60.77s/it, best=3.2946, regret=0.0181, data=23000]
    Sparse Grf:  44%|â–ˆâ–ˆâ–ˆâ–ˆâ–     | 22/50 [07:02<20:00, 42.87s/it, best=3.2946, regret=0.0181, data=23000]
    Sparse Grf:  44%|â–ˆâ–ˆâ–ˆâ–ˆâ–     | 22/50 [07:03<20:00, 42.87s/it, best=3.2946, regret=0.0181, data=24000]
    Sparse Grf:  46%|â–ˆâ–ˆâ–ˆâ–ˆâ–Œ     | 23/50 [07:03<13:39, 30.34s/it, best=3.2946, regret=0.0181, data=24000]
    Sparse Grf:  46%|â–ˆâ–ˆâ–ˆâ–ˆâ–Œ     | 23/50 [07:05<13:39, 30.34s/it, best=3.2946, regret=0.0181, data=25000]
    Sparse Grf:  48%|â–ˆâ–ˆâ–ˆâ–ˆâ–Š     | 24/50 [07:05<09:20, 21.56s/it, best=3.2946, regret=0.0181, data=25000]
    Sparse Grf:  48%|â–ˆâ–ˆâ–ˆâ–ˆâ–Š     | 24/50 [07:06<09:20, 21.56s/it, best=3.2946, regret=0.0181, data=26000]
    Sparse Grf:  50%|â–ˆâ–ˆâ–ˆâ–ˆâ–ˆ     | 25/50 [07:06<06:25, 15.43s/it, best=3.2946, regret=0.0181, data=26000]
    Sparse Grf:  50%|â–ˆâ–ˆâ–ˆâ–ˆâ–ˆ     | 25/50 [07:07<06:25, 15.43s/it, best=3.2946, regret=0.0181, data=27000]
    Sparse Grf:  52%|â–ˆâ–ˆâ–ˆâ–ˆâ–ˆâ–    | 26/50 [07:07<04:27, 11.14s/it, best=3.2946, regret=0.0181, data=27000]
    Sparse Grf:  52%|â–ˆâ–ˆâ–ˆâ–ˆâ–ˆâ–    | 26/50 [07:08<04:27, 11.14s/it, best=3.2946, regret=0.0181, data=28000]
    Sparse Grf:  54%|â–ˆâ–ˆâ–ˆâ–ˆâ–ˆâ–    | 27/50 [07:08<03:06,  8.12s/it, best=3.2946, regret=0.0181, data=28000]
    Sparse Grf:  54%|â–ˆâ–ˆâ–ˆâ–ˆâ–ˆâ–    | 27/50 [07:09<03:06,  8.12s/it, best=3.2946, regret=0.0181, data=29000]
    Sparse Grf:  56%|â–ˆâ–ˆâ–ˆâ–ˆâ–ˆâ–Œ    | 28/50 [07:09<02:12,  6.02s/it, best=3.2946, regret=0.0181, data=29000]
    Sparse Grf:  56%|â–ˆâ–ˆâ–ˆâ–ˆâ–ˆâ–Œ    | 28/50 [07:10<02:12,  6.02s/it, best=3.2946, regret=0.0181, data=3e+4] 
    Sparse Grf:  58%|â–ˆâ–ˆâ–ˆâ–ˆâ–ˆâ–Š    | 29/50 [07:10<01:35,  4.54s/it, best=3.2946, regret=0.0181, data=3e+4]
    Sparse Grf:  58%|â–ˆâ–ˆâ–ˆâ–ˆâ–ˆâ–Š    | 29/50 [07:11<01:35,  4.54s/it, best=3.2946, regret=0.0181, data=31000]
    Sparse Grf:  60%|â–ˆâ–ˆâ–ˆâ–ˆâ–ˆâ–ˆ    | 30/50 [07:11<01:10,  3.51s/it, best=3.2946, regret=0.0181, data=31000]
    Sparse Grf:  60%|â–ˆâ–ˆâ–ˆâ–ˆâ–ˆâ–ˆ    | 30/50 [09:30<01:10,  3.51s/it, best=3.2946, regret=0.0181, data=32000]
    Sparse Grf:  62%|â–ˆâ–ˆâ–ˆâ–ˆâ–ˆâ–ˆâ–   | 31/50 [09:30<14:00, 44.23s/it, best=3.2946, regret=0.0181, data=32000]
    Sparse Grf:  62%|â–ˆâ–ˆâ–ˆâ–ˆâ–ˆâ–ˆâ–   | 31/50 [09:32<14:00, 44.23s/it, best=3.2946, regret=0.0181, data=33000]
    Sparse Grf:  64%|â–ˆâ–ˆâ–ˆâ–ˆâ–ˆâ–ˆâ–   | 32/50 [09:32<09:23, 31.32s/it, best=3.2946, regret=0.0181, data=33000]
    Sparse Grf:  64%|â–ˆâ–ˆâ–ˆâ–ˆâ–ˆâ–ˆâ–   | 32/50 [09:33<09:23, 31.32s/it, best=3.2946, regret=0.0181, data=34000]
    Sparse Grf:  66%|â–ˆâ–ˆâ–ˆâ–ˆâ–ˆâ–ˆâ–Œ   | 33/50 [09:33<06:18, 22.28s/it, best=3.2946, regret=0.0181, data=34000]
    Sparse Grf:  66%|â–ˆâ–ˆâ–ˆâ–ˆâ–ˆâ–ˆâ–Œ   | 33/50 [09:34<06:18, 22.28s/it, best=3.2946, regret=0.0181, data=35000]
    Sparse Grf:  68%|â–ˆâ–ˆâ–ˆâ–ˆâ–ˆâ–ˆâ–Š   | 34/50 [09:34<04:15, 15.95s/it, best=3.2946, regret=0.0181, data=35000]
    Sparse Grf:  68%|â–ˆâ–ˆâ–ˆâ–ˆâ–ˆâ–ˆâ–Š   | 34/50 [09:35<04:15, 15.95s/it, best=3.2946, regret=0.0181, data=36000]
    Sparse Grf:  70%|â–ˆâ–ˆâ–ˆâ–ˆâ–ˆâ–ˆâ–ˆ   | 35/50 [09:35<02:52, 11.52s/it, best=3.2946, regret=0.0181, data=36000]
    Sparse Grf:  70%|â–ˆâ–ˆâ–ˆâ–ˆâ–ˆâ–ˆâ–ˆ   | 35/50 [09:36<02:52, 11.52s/it, best=3.2946, regret=0.0181, data=37000]
    Sparse Grf:  72%|â–ˆâ–ˆâ–ˆâ–ˆâ–ˆâ–ˆâ–ˆâ–  | 36/50 [09:36<01:57,  8.42s/it, best=3.2946, regret=0.0181, data=37000]
    Sparse Grf:  72%|â–ˆâ–ˆâ–ˆâ–ˆâ–ˆâ–ˆâ–ˆâ–  | 36/50 [09:38<01:57,  8.42s/it, best=3.2946, regret=0.0181, data=38000]
    Sparse Grf:  74%|â–ˆâ–ˆâ–ˆâ–ˆâ–ˆâ–ˆâ–ˆâ–  | 37/50 [09:38<01:21,  6.25s/it, best=3.2946, regret=0.0181, data=38000]
    Sparse Grf:  74%|â–ˆâ–ˆâ–ˆâ–ˆâ–ˆâ–ˆâ–ˆâ–  | 37/50 [09:39<01:21,  6.25s/it, best=3.2946, regret=0.0181, data=39000]
    Sparse Grf:  76%|â–ˆâ–ˆâ–ˆâ–ˆâ–ˆâ–ˆâ–ˆâ–Œ  | 38/50 [09:39<00:56,  4.73s/it, best=3.2946, regret=0.0181, data=39000]
    Sparse Grf:  76%|â–ˆâ–ˆâ–ˆâ–ˆâ–ˆâ–ˆâ–ˆâ–Œ  | 38/50 [09:40<00:56,  4.73s/it, best=3.2946, regret=0.0181, data=4e+4] 
    Sparse Grf:  78%|â–ˆâ–ˆâ–ˆâ–ˆâ–ˆâ–ˆâ–ˆâ–Š  | 39/50 [09:40<00:40,  3.67s/it, best=3.2946, regret=0.0181, data=4e+4]
    Sparse Grf:  78%|â–ˆâ–ˆâ–ˆâ–ˆâ–ˆâ–ˆâ–ˆâ–Š  | 39/50 [09:41<00:40,  3.67s/it, best=3.2946, regret=0.0181, data=41000]
    Sparse Grf:  80%|â–ˆâ–ˆâ–ˆâ–ˆâ–ˆâ–ˆâ–ˆâ–ˆ  | 40/50 [09:41<00:29,  2.92s/it, best=3.2946, regret=0.0181, data=41000]
    Sparse Grf:  80%|â–ˆâ–ˆâ–ˆâ–ˆâ–ˆâ–ˆâ–ˆâ–ˆ  | 40/50 [11:25<00:29,  2.92s/it, best=3.2946, regret=0.0181, data=42000]
    Sparse Grf:  82%|â–ˆâ–ˆâ–ˆâ–ˆâ–ˆâ–ˆâ–ˆâ–ˆâ– | 41/50 [11:25<04:59, 33.24s/it, best=3.2946, regret=0.0181, data=42000]
    Sparse Grf:  82%|â–ˆâ–ˆâ–ˆâ–ˆâ–ˆâ–ˆâ–ˆâ–ˆâ– | 41/50 [11:26<04:59, 33.24s/it, best=3.2946, regret=0.0181, data=43000]
    Sparse Grf:  84%|â–ˆâ–ˆâ–ˆâ–ˆâ–ˆâ–ˆâ–ˆâ–ˆâ– | 42/50 [11:26<03:08, 23.60s/it, best=3.2946, regret=0.0181, data=43000]
    Sparse Grf:  84%|â–ˆâ–ˆâ–ˆâ–ˆâ–ˆâ–ˆâ–ˆâ–ˆâ– | 42/50 [11:27<03:08, 23.60s/it, best=3.2946, regret=0.0181, data=44000]
    Sparse Grf:  86%|â–ˆâ–ˆâ–ˆâ–ˆâ–ˆâ–ˆâ–ˆâ–ˆâ–Œ | 43/50 [11:27<01:57, 16.84s/it, best=3.2946, regret=0.0181, data=44000]
    Sparse Grf:  86%|â–ˆâ–ˆâ–ˆâ–ˆâ–ˆâ–ˆâ–ˆâ–ˆâ–Œ | 43/50 [11:28<01:57, 16.84s/it, best=3.2946, regret=0.0181, data=45000]
    Sparse Grf:  88%|â–ˆâ–ˆâ–ˆâ–ˆâ–ˆâ–ˆâ–ˆâ–ˆâ–Š | 44/50 [11:28<01:12, 12.12s/it, best=3.2946, regret=0.0181, data=45000]
    Sparse Grf:  88%|â–ˆâ–ˆâ–ˆâ–ˆâ–ˆâ–ˆâ–ˆâ–ˆâ–Š | 44/50 [11:29<01:12, 12.12s/it, best=3.2946, regret=0.0181, data=46000]
    Sparse Grf:  90%|â–ˆâ–ˆâ–ˆâ–ˆâ–ˆâ–ˆâ–ˆâ–ˆâ–ˆ | 45/50 [11:29<00:44,  8.81s/it, best=3.2946, regret=0.0181, data=46000]
    Sparse Grf:  90%|â–ˆâ–ˆâ–ˆâ–ˆâ–ˆâ–ˆâ–ˆâ–ˆâ–ˆ | 45/50 [11:31<00:44,  8.81s/it, best=3.2946, regret=0.0181, data=47000]
    Sparse Grf:  92%|â–ˆâ–ˆâ–ˆâ–ˆâ–ˆâ–ˆâ–ˆâ–ˆâ–ˆâ–| 46/50 [11:31<00:25,  6.50s/it, best=3.2946, regret=0.0181, data=47000]
    Sparse Grf:  92%|â–ˆâ–ˆâ–ˆâ–ˆâ–ˆâ–ˆâ–ˆâ–ˆâ–ˆâ–| 46/50 [11:32<00:25,  6.50s/it, best=3.2946, regret=0.0181, data=48000]
    Sparse Grf:  94%|â–ˆâ–ˆâ–ˆâ–ˆâ–ˆâ–ˆâ–ˆâ–ˆâ–ˆâ–| 47/50 [11:32<00:14,  4.88s/it, best=3.2946, regret=0.0181, data=48000]
    Sparse Grf:  94%|â–ˆâ–ˆâ–ˆâ–ˆâ–ˆâ–ˆâ–ˆâ–ˆâ–ˆâ–| 47/50 [11:33<00:14,  4.88s/it, best=3.2946, regret=0.0181, data=49000]
    Sparse Grf:  96%|â–ˆâ–ˆâ–ˆâ–ˆâ–ˆâ–ˆâ–ˆâ–ˆâ–ˆâ–Œ| 48/50 [11:33<00:07,  3.74s/it, best=3.2946, regret=0.0181, data=49000]
    Sparse Grf:  96%|â–ˆâ–ˆâ–ˆâ–ˆâ–ˆâ–ˆâ–ˆâ–ˆâ–ˆâ–Œ| 48/50 [11:34<00:07,  3.74s/it, best=3.2946, regret=0.0181, data=5e+4] 
    Sparse Grf:  98%|â–ˆâ–ˆâ–ˆâ–ˆâ–ˆâ–ˆâ–ˆâ–ˆâ–ˆâ–Š| 49/50 [11:34<00:02,  2.95s/it, best=3.2946, regret=0.0181, data=5e+4]
    Sparse Grf:  98%|â–ˆâ–ˆâ–ˆâ–ˆâ–ˆâ–ˆâ–ˆâ–ˆâ–ˆâ–Š| 49/50 [11:35<00:02,  2.95s/it, best=3.2946, regret=0.0181, data=51000]
    Sparse Grf: 100%|â–ˆâ–ˆâ–ˆâ–ˆâ–ˆâ–ˆâ–ˆâ–ˆâ–ˆâ–ˆ| 50/50 [11:35<00:00,  2.39s/it, best=3.2946, regret=0.0181, data=51000]
                                                                                                       
Retraining model with 1000 observed points...
Retraining model with 11000 observed points...
Retraining model with 21000 observed points...
Retraining model with 31000 observed points...
Retraining model with 41000 observed points...

âœ… Experiment completed: 300000 total experiments
ðŸ“ Results saved: /scratches/cartwright/mz473/Efficient-Gaussian-Process-on-Graphs/experiments_sparse/scalable_bo/results/bo_experiment_results.csv

ðŸ“Š Final Performance Summary:
==================================================

RANDOM_SEARCH:
  Best Value: 3.2204 Â± 0.0672
  Final Regret: 0.0923 Â± 0.0672
  Success Rate: 66.7% (regret < 0.1)

SPARSE_GRF:
  Best Value: 3.2979 Â± 0.0047
  Final Regret: 0.0148 Â± 0.0047
  Success Rate: 100.0% (regret < 0.1)
